[4.913s] Invoking command in '/home/ubuntu/person_follower/ros2_ws/src/robot_controller': PS1=(pynq-venv) \[\e]0;\u@\h: \w\a\]${debian_chroot:+($debian_chroot)}\u@\h:\w\$ PYTHONPATH=/home/ubuntu/person_follower/ros2_ws/build/robot_controller/prefix_override:/usr/lib/python3/dist-packages/colcon_core/task/python/colcon_distutils_commands:/home/ubuntu/person_follower/ros2_ws/install/robot_controller/lib/python3.10/site-packages:${PYTHONPATH} VIRTUAL_ENV_PROMPT=(pynq-venv) /usr/bin/python3 -W ignore:setup.py install is deprecated setup.py egg_info --egg-base ../../build/robot_controller build --build-base /home/ubuntu/person_follower/ros2_ws/build/robot_controller/build install --record /home/ubuntu/person_follower/ros2_ws/build/robot_controller/install.log --single-version-externally-managed install_data
[6.625s] running egg_info
[6.630s] creating ../../build/robot_controller/robot_controller.egg-info
[6.632s] writing ../../build/robot_controller/robot_controller.egg-info/PKG-INFO
[6.634s] writing dependency_links to ../../build/robot_controller/robot_controller.egg-info/dependency_links.txt
[6.635s] writing entry points to ../../build/robot_controller/robot_controller.egg-info/entry_points.txt
[6.636s] writing requirements to ../../build/robot_controller/robot_controller.egg-info/requires.txt
[6.637s] writing top-level names to ../../build/robot_controller/robot_controller.egg-info/top_level.txt
[6.638s] writing manifest file '../../build/robot_controller/robot_controller.egg-info/SOURCES.txt'
[6.648s] reading manifest file '../../build/robot_controller/robot_controller.egg-info/SOURCES.txt'
[6.656s] writing manifest file '../../build/robot_controller/robot_controller.egg-info/SOURCES.txt'
[6.658s] running build
[6.659s] running build_py
[6.660s] creating /home/ubuntu/person_follower/ros2_ws/build/robot_controller/build
[6.660s] creating /home/ubuntu/person_follower/ros2_ws/build/robot_controller/build/lib
[6.661s] creating /home/ubuntu/person_follower/ros2_ws/build/robot_controller/build/lib/robot_controller
[6.663s] copying robot_controller/__init__.py -> /home/ubuntu/person_follower/ros2_ws/build/robot_controller/build/lib/robot_controller
[6.664s] running install
[6.664s] running install_lib
[6.665s] creating /home/ubuntu/person_follower/ros2_ws/install/robot_controller/lib/python3.10/site-packages/robot_controller
[6.666s] copying /home/ubuntu/person_follower/ros2_ws/build/robot_controller/build/lib/robot_controller/__init__.py -> /home/ubuntu/person_follower/ros2_ws/install/robot_controller/lib/python3.10/site-packages/robot_controller
[6.669s] byte-compiling /home/ubuntu/person_follower/ros2_ws/install/robot_controller/lib/python3.10/site-packages/robot_controller/__init__.py to __init__.cpython-310.pyc
[6.670s] running install_data
[6.671s] creating /home/ubuntu/person_follower/ros2_ws/install/robot_controller/share/ament_index
[6.672s] creating /home/ubuntu/person_follower/ros2_ws/install/robot_controller/share/ament_index/resource_index
[6.673s] creating /home/ubuntu/person_follower/ros2_ws/install/robot_controller/share/ament_index/resource_index/packages
[6.674s] copying resource/robot_controller -> /home/ubuntu/person_follower/ros2_ws/install/robot_controller/share/ament_index/resource_index/packages
[6.675s] copying package.xml -> /home/ubuntu/person_follower/ros2_ws/install/robot_controller/share/robot_controller
[6.675s] running install_egg_info
[6.684s] Copying ../../build/robot_controller/robot_controller.egg-info to /home/ubuntu/person_follower/ros2_ws/install/robot_controller/lib/python3.10/site-packages/robot_controller-0.0.0-py3.10.egg-info
[6.688s] running install_scripts
[6.824s] writing list of installed files to '/home/ubuntu/person_follower/ros2_ws/build/robot_controller/install.log'
[7.032s] Invoked command in '/home/ubuntu/person_follower/ros2_ws/src/robot_controller' returned '0': PS1=(pynq-venv) \[\e]0;\u@\h: \w\a\]${debian_chroot:+($debian_chroot)}\u@\h:\w\$ PYTHONPATH=/home/ubuntu/person_follower/ros2_ws/build/robot_controller/prefix_override:/usr/lib/python3/dist-packages/colcon_core/task/python/colcon_distutils_commands:/home/ubuntu/person_follower/ros2_ws/install/robot_controller/lib/python3.10/site-packages:${PYTHONPATH} VIRTUAL_ENV_PROMPT=(pynq-venv) /usr/bin/python3 -W ignore:setup.py install is deprecated setup.py egg_info --egg-base ../../build/robot_controller build --build-base /home/ubuntu/person_follower/ros2_ws/build/robot_controller/build install --record /home/ubuntu/person_follower/ros2_ws/build/robot_controller/install.log --single-version-externally-managed install_data
