/home/ubuntu/person_follower/ros2_ws/install/robot_controller/lib/python3.10/site-packages/robot_controller/__init__.py
/home/ubuntu/person_follower/ros2_ws/install/robot_controller/lib/python3.10/site-packages/robot_controller/yolo_dpu_detector.py
/home/ubuntu/person_follower/ros2_ws/install/robot_controller/lib/python3.10/site-packages/robot_controller/usbcam_publisher.py
/home/ubuntu/person_follower/ros2_ws/install/robot_controller/lib/python3.10/site-packages/robot_controller/publish_result_serial.py
/home/ubuntu/person_follower/ros2_ws/install/robot_controller/lib/python3.10/site-packages/robot_controller/cam_resizer_publisher.py
/home/ubuntu/person_follower/ros2_ws/install/robot_controller/lib/python3.10/site-packages/robot_controller/__pycache__/__init__.cpython-310.pyc
/home/ubuntu/person_follower/ros2_ws/install/robot_controller/lib/python3.10/site-packages/robot_controller/__pycache__/yolo_dpu_detector.cpython-310.pyc
/home/ubuntu/person_follower/ros2_ws/install/robot_controller/lib/python3.10/site-packages/robot_controller/__pycache__/usbcam_publisher.cpython-310.pyc
/home/ubuntu/person_follower/ros2_ws/install/robot_controller/lib/python3.10/site-packages/robot_controller/__pycache__/publish_result_serial.cpython-310.pyc
/home/ubuntu/person_follower/ros2_ws/install/robot_controller/lib/python3.10/site-packages/robot_controller/__pycache__/cam_resizer_publisher.cpython-310.pyc
/home/ubuntu/person_follower/ros2_ws/install/robot_controller/share/ament_index/resource_index/packages/robot_controller
/home/ubuntu/person_follower/ros2_ws/install/robot_controller/share/robot_controller/package.xml
/home/ubuntu/person_follower/ros2_ws/install/robot_controller/share/robot_controller/launch
/home/ubuntu/person_follower/ros2_ws/install/robot_controller/lib/python3.10/site-packages/robot_controller-0.0.0-py3.10.egg-info/SOURCES.txt
/home/ubuntu/person_follower/ros2_ws/install/robot_controller/lib/python3.10/site-packages/robot_controller-0.0.0-py3.10.egg-info/PKG-INFO
/home/ubuntu/person_follower/ros2_ws/install/robot_controller/lib/python3.10/site-packages/robot_controller-0.0.0-py3.10.egg-info/top_level.txt
/home/ubuntu/person_follower/ros2_ws/install/robot_controller/lib/python3.10/site-packages/robot_controller-0.0.0-py3.10.egg-info/entry_points.txt
/home/ubuntu/person_follower/ros2_ws/install/robot_controller/lib/python3.10/site-packages/robot_controller-0.0.0-py3.10.egg-info/zip-safe
/home/ubuntu/person_follower/ros2_ws/install/robot_controller/lib/python3.10/site-packages/robot_controller-0.0.0-py3.10.egg-info/dependency_links.txt
/home/ubuntu/person_follower/ros2_ws/install/robot_controller/lib/python3.10/site-packages/robot_controller-0.0.0-py3.10.egg-info/requires.txt
/home/ubuntu/person_follower/ros2_ws/install/robot_controller/lib/robot_controller/rosai_camera_demo
/home/ubuntu/person_follower/ros2_ws/install/robot_controller/lib/robot_controller/test_node
/home/ubuntu/person_follower/ros2_ws/install/robot_controller/lib/robot_controller/usbcam_publisher
