[5.400s] Invoking command in '/home/ubuntu/person_follower/ros2_ws/src/robot_controller': PS1=(pynq-venv) \[\e]0;\u@\h: \w\a\]${debian_chroot:+($debian_chroot)}\u@\h:\w\$ PYTHONPATH=/home/ubuntu/person_follower/ros2_ws/build/robot_controller/prefix_override:/usr/lib/python3/dist-packages/colcon_core/task/python/colcon_distutils_commands:/home/ubuntu/person_follower/ros2_ws/install/robot_controller/lib/python3.10/site-packages: VIRTUAL_ENV_PROMPT=(pynq-venv) /usr/bin/python3 -W ignore:setup.py install is deprecated setup.py egg_info --egg-base ../../build/robot_controller build --build-base /home/ubuntu/person_follower/ros2_ws/build/robot_controller/build install --record /home/ubuntu/person_follower/ros2_ws/build/robot_controller/install.log --single-version-externally-managed install_data
[6.870s] running egg_info
[6.874s] writing ../../build/robot_controller/robot_controller.egg-info/PKG-INFO
[6.892s] writing dependency_links to ../../build/robot_controller/robot_controller.egg-info/dependency_links.txt
[6.902s] writing entry points to ../../build/robot_controller/robot_controller.egg-info/entry_points.txt
[6.919s] writing requirements to ../../build/robot_controller/robot_controller.egg-info/requires.txt
[6.935s] writing top-level names to ../../build/robot_controller/robot_controller.egg-info/top_level.txt
[6.961s] reading manifest file '../../build/robot_controller/robot_controller.egg-info/SOURCES.txt'
[6.972s] writing manifest file '../../build/robot_controller/robot_controller.egg-info/SOURCES.txt'
[6.985s] running build
[6.986s] running build_py
[7.007s] copying robot_controller/rosai_camera_demo.py -> /home/ubuntu/person_follower/ros2_ws/build/robot_controller/build/lib/robot_controller
[7.009s] copying robot_controller/usbcam_publisher.py -> /home/ubuntu/person_follower/ros2_ws/build/robot_controller/build/lib/robot_controller
[7.010s] copying robot_controller/cam_resizer_publisher.py -> /home/ubuntu/person_follower/ros2_ws/build/robot_controller/build/lib/robot_controller
[7.012s] running install
[7.014s] running install_lib
[7.021s] copying /home/ubuntu/person_follower/ros2_ws/build/robot_controller/build/lib/robot_controller/rosai_camera_demo.py -> /home/ubuntu/person_follower/ros2_ws/install/robot_controller/lib/python3.10/site-packages/robot_controller
[7.022s] copying /home/ubuntu/person_follower/ros2_ws/build/robot_controller/build/lib/robot_controller/usbcam_publisher.py -> /home/ubuntu/person_follower/ros2_ws/install/robot_controller/lib/python3.10/site-packages/robot_controller
[7.023s] copying /home/ubuntu/person_follower/ros2_ws/build/robot_controller/build/lib/robot_controller/cam_resizer_publisher.py -> /home/ubuntu/person_follower/ros2_ws/install/robot_controller/lib/python3.10/site-packages/robot_controller
[7.033s] byte-compiling /home/ubuntu/person_follower/ros2_ws/install/robot_controller/lib/python3.10/site-packages/robot_controller/rosai_camera_demo.py to rosai_camera_demo.cpython-310.pyc
[7.046s] byte-compiling /home/ubuntu/person_follower/ros2_ws/install/robot_controller/lib/python3.10/site-packages/robot_controller/usbcam_publisher.py to usbcam_publisher.cpython-310.pyc
[7.062s] byte-compiling /home/ubuntu/person_follower/ros2_ws/install/robot_controller/lib/python3.10/site-packages/robot_controller/cam_resizer_publisher.py to cam_resizer_publisher.cpython-310.pyc
[7.066s] running install_data
[7.089s] running install_egg_info
[7.098s] removing '/home/ubuntu/person_follower/ros2_ws/install/robot_controller/lib/python3.10/site-packages/robot_controller-0.0.0-py3.10.egg-info' (and everything under it)
[7.100s] Copying ../../build/robot_controller/robot_controller.egg-info to /home/ubuntu/person_follower/ros2_ws/install/robot_controller/lib/python3.10/site-packages/robot_controller-0.0.0-py3.10.egg-info
[7.113s] running install_scripts
[7.253s] Installing rosai_camera_demo script to /home/ubuntu/person_follower/ros2_ws/install/robot_controller/lib/robot_controller
[7.269s] Installing test_node script to /home/ubuntu/person_follower/ros2_ws/install/robot_controller/lib/robot_controller
[7.277s] Installing usbcam_publisher script to /home/ubuntu/person_follower/ros2_ws/install/robot_controller/lib/robot_controller
[7.295s] writing list of installed files to '/home/ubuntu/person_follower/ros2_ws/build/robot_controller/install.log'
[7.514s] Invoked command in '/home/ubuntu/person_follower/ros2_ws/src/robot_controller' returned '0': PS1=(pynq-venv) \[\e]0;\u@\h: \w\a\]${debian_chroot:+($debian_chroot)}\u@\h:\w\$ PYTHONPATH=/home/ubuntu/person_follower/ros2_ws/build/robot_controller/prefix_override:/usr/lib/python3/dist-packages/colcon_core/task/python/colcon_distutils_commands:/home/ubuntu/person_follower/ros2_ws/install/robot_controller/lib/python3.10/site-packages: VIRTUAL_ENV_PROMPT=(pynq-venv) /usr/bin/python3 -W ignore:setup.py install is deprecated setup.py egg_info --egg-base ../../build/robot_controller build --build-base /home/ubuntu/person_follower/ros2_ws/build/robot_controller/build install --record /home/ubuntu/person_follower/ros2_ws/build/robot_controller/install.log --single-version-externally-managed install_data
