[1.625s] DEBUG:colcon:Command line arguments: ['/usr/bin/colcon', 'build']
[1.625s] DEBUG:colcon:Parsed command line arguments: Namespace(log_base=None, log_level=None, verb_name='build', build_base='build', install_base='install', merge_install=False, symlink_install=False, test_result_base=None, continue_on_error=False, executor='parallel', parallel_workers=4, event_handlers=None, ignore_user_meta=False, metas=['./colcon.meta'], base_paths=['.'], packages_ignore=None, packages_ignore_regex=None, paths=None, packages_up_to=None, packages_up_to_regex=None, packages_above=None, packages_above_and_dependencies=None, packages_above_depth=None, packages_select_by_dep=None, packages_skip_by_dep=None, packages_skip_up_to=None, packages_select_build_failed=False, packages_skip_build_finished=False, packages_select_test_failures=False, packages_skip_test_passed=False, packages_select=None, packages_skip=None, packages_select_regex=None, packages_skip_regex=None, packages_start=None, packages_end=None, allow_overriding=[], cmake_args=None, cmake_target=None, cmake_target_skip_unavailable=False, cmake_clean_cache=False, cmake_clean_first=False, cmake_force_configure=False, ament_cmake_args=None, catkin_cmake_args=None, catkin_skip_building_tests=False, mixin_files=None, mixin=None, verb_parser=<colcon_mixin.mixin.mixin_argument.MixinArgumentDecorator object at 0xffff85295de0>, verb_extension=<colcon_core.verb.build.BuildVerb object at 0xffff853b2410>, main=<bound method BuildVerb.main of <colcon_core.verb.build.BuildVerb object at 0xffff853b2410>>, mixin_verb=('build',))
[3.201s] Level 1:colcon.colcon_core.package_discovery:discover_packages(colcon_meta) check parameters
[3.202s] Level 1:colcon.colcon_core.package_discovery:discover_packages(recursive) check parameters
[3.202s] Level 1:colcon.colcon_core.package_discovery:discover_packages(ignore) check parameters
[3.202s] Level 1:colcon.colcon_core.package_discovery:discover_packages(path) check parameters
[3.202s] Level 1:colcon.colcon_core.package_discovery:discover_packages(colcon_meta) discover
[3.203s] Level 1:colcon.colcon_core.package_discovery:discover_packages(recursive) discover
[3.203s] INFO:colcon.colcon_core.package_discovery:Crawling recursively for packages in '/home/ubuntu/person_follower/ros2_ws'
[3.204s] Level 1:colcon.colcon_core.package_identification:_identify(.) by extensions ['ignore', 'ignore_ament_install']
[3.204s] Level 1:colcon.colcon_core.package_identification:_identify(.) by extension 'ignore'
[3.204s] Level 1:colcon.colcon_core.package_identification:_identify(.) by extension 'ignore_ament_install'
[3.205s] Level 1:colcon.colcon_core.package_identification:_identify(.) by extensions ['colcon_pkg']
[3.205s] Level 1:colcon.colcon_core.package_identification:_identify(.) by extension 'colcon_pkg'
[3.205s] Level 1:colcon.colcon_core.package_identification:_identify(.) by extensions ['colcon_meta']
[3.206s] Level 1:colcon.colcon_core.package_identification:_identify(.) by extension 'colcon_meta'
[3.206s] Level 1:colcon.colcon_core.package_identification:_identify(.) by extensions ['ros']
[3.206s] Level 1:colcon.colcon_core.package_identification:_identify(.) by extension 'ros'
[3.295s] Level 1:colcon.colcon_core.package_identification:_identify(.) by extensions ['cmake', 'python']
[3.296s] Level 1:colcon.colcon_core.package_identification:_identify(.) by extension 'cmake'
[3.296s] Level 1:colcon.colcon_core.package_identification:_identify(.) by extension 'python'
[3.296s] Level 1:colcon.colcon_core.package_identification:_identify(.) by extensions ['python_setup_py']
[3.297s] Level 1:colcon.colcon_core.package_identification:_identify(.) by extension 'python_setup_py'
[3.297s] Level 1:colcon.colcon_core.package_identification:_identify(build) by extensions ['ignore', 'ignore_ament_install']
[3.298s] Level 1:colcon.colcon_core.package_identification:_identify(build) by extension 'ignore'
[3.298s] Level 1:colcon.colcon_core.package_identification:_identify(build) ignored
[3.299s] Level 1:colcon.colcon_core.package_identification:_identify(install) by extensions ['ignore', 'ignore_ament_install']
[3.300s] Level 1:colcon.colcon_core.package_identification:_identify(install) by extension 'ignore'
[3.300s] Level 1:colcon.colcon_core.package_identification:_identify(install) ignored
[3.301s] Level 1:colcon.colcon_core.package_identification:_identify(log) by extensions ['ignore', 'ignore_ament_install']
[3.302s] Level 1:colcon.colcon_core.package_identification:_identify(log) by extension 'ignore'
[3.302s] Level 1:colcon.colcon_core.package_identification:_identify(log) ignored
[3.303s] Level 1:colcon.colcon_core.package_identification:_identify(src) by extensions ['ignore', 'ignore_ament_install']
[3.303s] Level 1:colcon.colcon_core.package_identification:_identify(src) by extension 'ignore'
[3.304s] Level 1:colcon.colcon_core.package_identification:_identify(src) by extension 'ignore_ament_install'
[3.304s] Level 1:colcon.colcon_core.package_identification:_identify(src) by extensions ['colcon_pkg']
[3.304s] Level 1:colcon.colcon_core.package_identification:_identify(src) by extension 'colcon_pkg'
[3.304s] Level 1:colcon.colcon_core.package_identification:_identify(src) by extensions ['colcon_meta']
[3.305s] Level 1:colcon.colcon_core.package_identification:_identify(src) by extension 'colcon_meta'
[3.305s] Level 1:colcon.colcon_core.package_identification:_identify(src) by extensions ['ros']
[3.305s] Level 1:colcon.colcon_core.package_identification:_identify(src) by extension 'ros'
[3.306s] Level 1:colcon.colcon_core.package_identification:_identify(src) by extensions ['cmake', 'python']
[3.306s] Level 1:colcon.colcon_core.package_identification:_identify(src) by extension 'cmake'
[3.306s] Level 1:colcon.colcon_core.package_identification:_identify(src) by extension 'python'
[3.307s] Level 1:colcon.colcon_core.package_identification:_identify(src) by extensions ['python_setup_py']
[3.307s] Level 1:colcon.colcon_core.package_identification:_identify(src) by extension 'python_setup_py'
[3.308s] Level 1:colcon.colcon_core.package_identification:_identify(src/robot_controller) by extensions ['ignore', 'ignore_ament_install']
[3.308s] Level 1:colcon.colcon_core.package_identification:_identify(src/robot_controller) by extension 'ignore'
[3.309s] Level 1:colcon.colcon_core.package_identification:_identify(src/robot_controller) by extension 'ignore_ament_install'
[3.309s] Level 1:colcon.colcon_core.package_identification:_identify(src/robot_controller) by extensions ['colcon_pkg']
[3.309s] Level 1:colcon.colcon_core.package_identification:_identify(src/robot_controller) by extension 'colcon_pkg'
[3.310s] Level 1:colcon.colcon_core.package_identification:_identify(src/robot_controller) by extensions ['colcon_meta']
[3.310s] Level 1:colcon.colcon_core.package_identification:_identify(src/robot_controller) by extension 'colcon_meta'
[3.310s] Level 1:colcon.colcon_core.package_identification:_identify(src/robot_controller) by extensions ['ros']
[3.310s] Level 1:colcon.colcon_core.package_identification:_identify(src/robot_controller) by extension 'ros'
[3.339s] DEBUG:colcon.colcon_core.package_identification:Package 'src/robot_controller' with type 'ros.ament_python' and name 'robot_controller'
[3.339s] Level 1:colcon.colcon_core.package_discovery:discover_packages(recursive) using defaults
[3.340s] Level 1:colcon.colcon_core.package_discovery:discover_packages(ignore) discover
[3.340s] Level 1:colcon.colcon_core.package_discovery:discover_packages(ignore) using defaults
[3.340s] Level 1:colcon.colcon_core.package_discovery:discover_packages(path) discover
[3.340s] Level 1:colcon.colcon_core.package_discovery:discover_packages(path) using defaults
[3.518s] Level 1:colcon.colcon_core.package_discovery:discover_packages(prefix_path) check parameters
[3.519s] Level 1:colcon.colcon_core.package_discovery:discover_packages(prefix_path) discover
[3.546s] DEBUG:colcon.colcon_installed_package_information.package_discovery:Found 266 installed packages in /opt/ros/humble
[3.566s] Level 1:colcon.colcon_core.package_discovery:discover_packages(prefix_path) using defaults
[3.966s] Level 5:colcon.colcon_core.verb:set package 'robot_controller' build argument 'cmake_args' from command line to 'None'
[3.966s] Level 5:colcon.colcon_core.verb:set package 'robot_controller' build argument 'cmake_target' from command line to 'None'
[3.966s] Level 5:colcon.colcon_core.verb:set package 'robot_controller' build argument 'cmake_target_skip_unavailable' from command line to 'False'
[3.967s] Level 5:colcon.colcon_core.verb:set package 'robot_controller' build argument 'cmake_clean_cache' from command line to 'False'
[3.967s] Level 5:colcon.colcon_core.verb:set package 'robot_controller' build argument 'cmake_clean_first' from command line to 'False'
[3.967s] Level 5:colcon.colcon_core.verb:set package 'robot_controller' build argument 'cmake_force_configure' from command line to 'False'
[3.967s] Level 5:colcon.colcon_core.verb:set package 'robot_controller' build argument 'ament_cmake_args' from command line to 'None'
[3.967s] Level 5:colcon.colcon_core.verb:set package 'robot_controller' build argument 'catkin_cmake_args' from command line to 'None'
[3.968s] Level 5:colcon.colcon_core.verb:set package 'robot_controller' build argument 'catkin_skip_building_tests' from command line to 'False'
[3.968s] DEBUG:colcon.colcon_core.verb:Building package 'robot_controller' with the following arguments: {'ament_cmake_args': None, 'build_base': '/home/ubuntu/person_follower/ros2_ws/build/robot_controller', 'catkin_cmake_args': None, 'catkin_skip_building_tests': False, 'cmake_args': None, 'cmake_clean_cache': False, 'cmake_clean_first': False, 'cmake_force_configure': False, 'cmake_target': None, 'cmake_target_skip_unavailable': False, 'install_base': '/home/ubuntu/person_follower/ros2_ws/install/robot_controller', 'merge_install': False, 'path': '/home/ubuntu/person_follower/ros2_ws/src/robot_controller', 'symlink_install': False, 'test_result_base': None}
[3.969s] INFO:colcon.colcon_core.executor:Executing jobs using 'parallel' executor
[3.975s] DEBUG:colcon.colcon_parallel_executor.executor.parallel:run_until_complete
[3.976s] INFO:colcon.colcon_ros.task.ament_python.build:Building ROS package in '/home/ubuntu/person_follower/ros2_ws/src/robot_controller' with build type 'ament_python'
[3.978s] Level 1:colcon.colcon_core.shell:create_environment_hook('robot_controller', 'ament_prefix_path')
[4.013s] INFO:colcon.colcon_core.plugin_system:Skipping extension 'colcon_core.shell.bat': Not used on non-Windows systems
[4.015s] INFO:colcon.colcon_core.shell:Creating environment hook '/home/ubuntu/person_follower/ros2_ws/install/robot_controller/share/robot_controller/hook/ament_prefix_path.ps1'
[4.021s] INFO:colcon.colcon_core.shell:Creating environment descriptor '/home/ubuntu/person_follower/ros2_ws/install/robot_controller/share/robot_controller/hook/ament_prefix_path.dsv'
[4.026s] INFO:colcon.colcon_core.shell:Creating environment hook '/home/ubuntu/person_follower/ros2_ws/install/robot_controller/share/robot_controller/hook/ament_prefix_path.sh'
[4.033s] INFO:colcon.colcon_core.shell:Skip shell extension 'powershell' for command environment: Not usable outside of PowerShell
[4.033s] DEBUG:colcon.colcon_core.shell:Skip shell extension 'dsv' for command environment
[6.235s] INFO:colcon.colcon_core.task.python.build:Building Python package in '/home/ubuntu/person_follower/ros2_ws/src/robot_controller'
[6.237s] INFO:colcon.colcon_core.shell:Skip shell extension 'powershell' for command environment: Not usable outside of PowerShell
[6.237s] DEBUG:colcon.colcon_core.shell:Skip shell extension 'dsv' for command environment
[9.641s] DEBUG:colcon.colcon_core.event_handler.log_command:Invoking command in '/home/ubuntu/person_follower/ros2_ws/src/robot_controller': PS1=(pynq-venv) \[\e]0;\u@\h: \w\a\]${debian_chroot:+($debian_chroot)}\u@\h:\w\$ PYTHONPATH=/home/ubuntu/person_follower/ros2_ws/build/robot_controller/prefix_override:/usr/lib/python3/dist-packages/colcon_core/task/python/colcon_distutils_commands:/home/ubuntu/person_follower/ros2_ws/install/robot_controller/lib/python3.10/site-packages:${PYTHONPATH} VIRTUAL_ENV_PROMPT=(pynq-venv) /usr/bin/python3 -W ignore:setup.py install is deprecated setup.py egg_info --egg-base ../../build/robot_controller build --build-base /home/ubuntu/person_follower/ros2_ws/build/robot_controller/build install --record /home/ubuntu/person_follower/ros2_ws/build/robot_controller/install.log --single-version-externally-managed install_data
[12.041s] DEBUG:colcon.colcon_core.event_handler.log_command:Invoked command in '/home/ubuntu/person_follower/ros2_ws/src/robot_controller' returned '0': PS1=(pynq-venv) \[\e]0;\u@\h: \w\a\]${debian_chroot:+($debian_chroot)}\u@\h:\w\$ PYTHONPATH=/home/ubuntu/person_follower/ros2_ws/build/robot_controller/prefix_override:/usr/lib/python3/dist-packages/colcon_core/task/python/colcon_distutils_commands:/home/ubuntu/person_follower/ros2_ws/install/robot_controller/lib/python3.10/site-packages:${PYTHONPATH} VIRTUAL_ENV_PROMPT=(pynq-venv) /usr/bin/python3 -W ignore:setup.py install is deprecated setup.py egg_info --egg-base ../../build/robot_controller build --build-base /home/ubuntu/person_follower/ros2_ws/build/robot_controller/build install --record /home/ubuntu/person_follower/ros2_ws/build/robot_controller/install.log --single-version-externally-managed install_data
[12.078s] Level 1:colcon.colcon_core.environment:checking '/home/ubuntu/person_follower/ros2_ws/install/robot_controller' for CMake module files
[12.082s] Level 1:colcon.colcon_core.environment:checking '/home/ubuntu/person_follower/ros2_ws/install/robot_controller' for CMake config files
[12.092s] Level 1:colcon.colcon_core.environment:checking '/home/ubuntu/person_follower/ros2_ws/install/robot_controller/lib'
[12.093s] Level 1:colcon.colcon_core.environment:checking '/home/ubuntu/person_follower/ros2_ws/install/robot_controller/bin'
[12.093s] Level 1:colcon.colcon_core.environment:checking '/home/ubuntu/person_follower/ros2_ws/install/robot_controller/lib/pkgconfig/robot_controller.pc'
[12.095s] Level 1:colcon.colcon_core.environment:checking '/home/ubuntu/person_follower/ros2_ws/install/robot_controller/lib/python3.10/site-packages'
[12.096s] Level 1:colcon.colcon_core.shell:create_environment_hook('robot_controller', 'pythonpath')
[12.097s] INFO:colcon.colcon_core.shell:Creating environment hook '/home/ubuntu/person_follower/ros2_ws/install/robot_controller/share/robot_controller/hook/pythonpath.ps1'
[12.100s] INFO:colcon.colcon_core.shell:Creating environment descriptor '/home/ubuntu/person_follower/ros2_ws/install/robot_controller/share/robot_controller/hook/pythonpath.dsv'
[12.102s] INFO:colcon.colcon_core.shell:Creating environment hook '/home/ubuntu/person_follower/ros2_ws/install/robot_controller/share/robot_controller/hook/pythonpath.sh'
[12.106s] Level 1:colcon.colcon_core.environment:checking '/home/ubuntu/person_follower/ros2_ws/install/robot_controller/bin'
[12.107s] Level 1:colcon.colcon_core.environment:create_environment_scripts_only(robot_controller)
[12.109s] INFO:colcon.colcon_core.shell:Creating package script '/home/ubuntu/person_follower/ros2_ws/install/robot_controller/share/robot_controller/package.ps1'
[12.120s] INFO:colcon.colcon_core.shell:Creating package descriptor '/home/ubuntu/person_follower/ros2_ws/install/robot_controller/share/robot_controller/package.dsv'
[12.126s] INFO:colcon.colcon_core.shell:Creating package script '/home/ubuntu/person_follower/ros2_ws/install/robot_controller/share/robot_controller/package.sh'
[12.133s] INFO:colcon.colcon_core.shell:Creating package script '/home/ubuntu/person_follower/ros2_ws/install/robot_controller/share/robot_controller/package.bash'
[12.141s] INFO:colcon.colcon_core.shell:Creating package script '/home/ubuntu/person_follower/ros2_ws/install/robot_controller/share/robot_controller/package.zsh'
[12.148s] Level 1:colcon.colcon_core.environment:create_file_with_runtime_dependencies(/home/ubuntu/person_follower/ros2_ws/install/robot_controller/share/colcon-core/packages/robot_controller)
[12.152s] DEBUG:colcon.colcon_parallel_executor.executor.parallel:closing loop
[12.159s] DEBUG:colcon.colcon_parallel_executor.executor.parallel:loop closed
[12.160s] DEBUG:colcon.colcon_parallel_executor.executor.parallel:run_until_complete finished with '0'
[12.160s] DEBUG:colcon.colcon_core.event_reactor:joining thread
[12.204s] INFO:colcon.colcon_core.plugin_system:Skipping extension 'colcon_notification.desktop_notification.terminal_notifier': Not used on non-Darwin systems
[12.205s] INFO:colcon.colcon_core.plugin_system:Skipping extension 'colcon_notification.desktop_notification.win32': Not used on non-Windows systems
[12.205s] INFO:colcon.colcon_notification.desktop_notification:Sending desktop notification using 'notify2'
[12.224s] DEBUG:colcon.colcon_notification.desktop_notification.notify2:Failed to initialize notify2: org.freedesktop.DBus.Error.Spawn.ExecFailed: /usr/bin/dbus-launch terminated abnormally without any error message
[12.225s] DEBUG:colcon.colcon_core.event_reactor:joined thread
[12.227s] INFO:colcon.colcon_core.shell:Creating prefix script '/home/ubuntu/person_follower/ros2_ws/install/local_setup.ps1'
[12.236s] INFO:colcon.colcon_core.shell:Creating prefix util module '/home/ubuntu/person_follower/ros2_ws/install/_local_setup_util_ps1.py'
[12.251s] INFO:colcon.colcon_core.shell:Creating prefix chain script '/home/ubuntu/person_follower/ros2_ws/install/setup.ps1'
[12.260s] INFO:colcon.colcon_core.shell:Creating prefix script '/home/ubuntu/person_follower/ros2_ws/install/local_setup.sh'
[12.265s] INFO:colcon.colcon_core.shell:Creating prefix util module '/home/ubuntu/person_follower/ros2_ws/install/_local_setup_util_sh.py'
[12.269s] INFO:colcon.colcon_core.shell:Creating prefix chain script '/home/ubuntu/person_follower/ros2_ws/install/setup.sh'
[12.286s] INFO:colcon.colcon_core.shell:Creating prefix script '/home/ubuntu/person_follower/ros2_ws/install/local_setup.bash'
[12.294s] INFO:colcon.colcon_core.shell:Creating prefix chain script '/home/ubuntu/person_follower/ros2_ws/install/setup.bash'
[12.305s] INFO:colcon.colcon_core.shell:Creating prefix script '/home/ubuntu/person_follower/ros2_ws/install/local_setup.zsh'
[12.310s] INFO:colcon.colcon_core.shell:Creating prefix chain script '/home/ubuntu/person_follower/ros2_ws/install/setup.zsh'
