[5.662s] Invoking command in '/home/ubuntu/person_follower/ros2_ws/src/robot_controller': PS1=(pynq-venv) \[\e]0;\u@\h: \w\a\]${debian_chroot:+($debian_chroot)}\u@\h:\w\$ PYTHONPATH=/home/ubuntu/person_follower/ros2_ws/build/robot_controller/prefix_override:/usr/lib/python3/dist-packages/colcon_core/task/python/colcon_distutils_commands:/home/ubuntu/person_follower/ros2_ws/install/robot_controller/lib/python3.10/site-packages:${PYTHONPATH} VIRTUAL_ENV_PROMPT=(pynq-venv) /usr/bin/python3 -W ignore:setup.py install is deprecated setup.py egg_info --egg-base ../../build/robot_controller build --build-base /home/ubuntu/person_follower/ros2_ws/build/robot_controller/build install --record /home/ubuntu/person_follower/ros2_ws/build/robot_controller/install.log --single-version-externally-managed install_data
[7.556s] running egg_info
[7.565s] writing ../../build/robot_controller/robot_controller.egg-info/PKG-INFO
[7.566s] writing dependency_links to ../../build/robot_controller/robot_controller.egg-info/dependency_links.txt
[7.571s] writing entry points to ../../build/robot_controller/robot_controller.egg-info/entry_points.txt
[7.572s] writing requirements to ../../build/robot_controller/robot_controller.egg-info/requires.txt
[7.573s] writing top-level names to ../../build/robot_controller/robot_controller.egg-info/top_level.txt
[7.586s] reading manifest file '../../build/robot_controller/robot_controller.egg-info/SOURCES.txt'
[7.598s] writing manifest file '../../build/robot_controller/robot_controller.egg-info/SOURCES.txt'
[7.599s] running build
[7.599s] running build_py
[7.606s] copying robot_controller/usbcam_publisher.py -> /home/ubuntu/person_follower/ros2_ws/build/robot_controller/build/lib/robot_controller
[7.607s] copying robot_controller/publish_result_serial.py -> /home/ubuntu/person_follower/ros2_ws/build/robot_controller/build/lib/robot_controller
[7.608s] running install
[7.608s] running install_lib
[7.619s] copying /home/ubuntu/person_follower/ros2_ws/build/robot_controller/build/lib/robot_controller/usbcam_publisher.py -> /home/ubuntu/person_follower/ros2_ws/install/robot_controller/lib/python3.10/site-packages/robot_controller
[7.620s] copying /home/ubuntu/person_follower/ros2_ws/build/robot_controller/build/lib/robot_controller/publish_result_serial.py -> /home/ubuntu/person_follower/ros2_ws/install/robot_controller/lib/python3.10/site-packages/robot_controller
[7.625s] byte-compiling /home/ubuntu/person_follower/ros2_ws/install/robot_controller/lib/python3.10/site-packages/robot_controller/usbcam_publisher.py to usbcam_publisher.cpython-310.pyc
[7.629s] byte-compiling /home/ubuntu/person_follower/ros2_ws/install/robot_controller/lib/python3.10/site-packages/robot_controller/publish_result_serial.py to publish_result_serial.cpython-310.pyc
[7.641s] running install_data
[7.642s] running install_egg_info
[7.653s] removing '/home/ubuntu/person_follower/ros2_ws/install/robot_controller/lib/python3.10/site-packages/robot_controller-0.0.0-py3.10.egg-info' (and everything under it)
[7.655s] Copying ../../build/robot_controller/robot_controller.egg-info to /home/ubuntu/person_follower/ros2_ws/install/robot_controller/lib/python3.10/site-packages/robot_controller-0.0.0-py3.10.egg-info
[7.660s] running install_scripts
[7.831s] Installing rosai_camera_demo script to /home/ubuntu/person_follower/ros2_ws/install/robot_controller/lib/robot_controller
[7.832s] Installing test_node script to /home/ubuntu/person_follower/ros2_ws/install/robot_controller/lib/robot_controller
[7.839s] Installing usbcam_publisher script to /home/ubuntu/person_follower/ros2_ws/install/robot_controller/lib/robot_controller
[7.841s] writing list of installed files to '/home/ubuntu/person_follower/ros2_ws/build/robot_controller/install.log'
[8.063s] Invoked command in '/home/ubuntu/person_follower/ros2_ws/src/robot_controller' returned '0': PS1=(pynq-venv) \[\e]0;\u@\h: \w\a\]${debian_chroot:+($debian_chroot)}\u@\h:\w\$ PYTHONPATH=/home/ubuntu/person_follower/ros2_ws/build/robot_controller/prefix_override:/usr/lib/python3/dist-packages/colcon_core/task/python/colcon_distutils_commands:/home/ubuntu/person_follower/ros2_ws/install/robot_controller/lib/python3.10/site-packages:${PYTHONPATH} VIRTUAL_ENV_PROMPT=(pynq-venv) /usr/bin/python3 -W ignore:setup.py install is deprecated setup.py egg_info --egg-base ../../build/robot_controller build --build-base /home/ubuntu/person_follower/ros2_ws/build/robot_controller/build install --record /home/ubuntu/person_follower/ros2_ws/build/robot_controller/install.log --single-version-externally-managed install_data
