[4.487s] Invoking command in '/home/ubuntu/person_follower/ros2_ws/src/robot_controller': PS1=(pynq-venv) \[\e]0;\u@\h: \w\a\]${debian_chroot:+($debian_chroot)}\u@\h:\w\$ PYTHONPATH=/home/ubuntu/person_follower/ros2_ws/build/robot_controller/prefix_override:/usr/lib/python3/dist-packages/colcon_core/task/python/colcon_distutils_commands:/home/ubuntu/person_follower/ros2_ws/install/robot_controller/lib/python3.10/site-packages: VIRTUAL_ENV_PROMPT=(pynq-venv) /usr/bin/python3 -W ignore:setup.py install is deprecated setup.py egg_info --egg-base ../../build/robot_controller build --build-base /home/ubuntu/person_follower/ros2_ws/build/robot_controller/build install --record /home/ubuntu/person_follower/ros2_ws/build/robot_controller/install.log --single-version-externally-managed install_data
[5.861s] running egg_info
[5.864s] writing ../../build/robot_controller/robot_controller.egg-info/PKG-INFO
[5.867s] writing dependency_links to ../../build/robot_controller/robot_controller.egg-info/dependency_links.txt
[5.868s] writing entry points to ../../build/robot_controller/robot_controller.egg-info/entry_points.txt
[5.869s] writing requirements to ../../build/robot_controller/robot_controller.egg-info/requires.txt
[5.870s] writing top-level names to ../../build/robot_controller/robot_controller.egg-info/top_level.txt
[5.881s] reading manifest file '../../build/robot_controller/robot_controller.egg-info/SOURCES.txt'
[5.890s] writing manifest file '../../build/robot_controller/robot_controller.egg-info/SOURCES.txt'
[5.890s] running build
[5.891s] running build_py
[5.908s] copying robot_controller/yolo_dpu_detector.py -> /home/ubuntu/person_follower/ros2_ws/build/robot_controller/build/lib/robot_controller
[5.911s] copying robot_controller/publish_result_serial.py -> /home/ubuntu/person_follower/ros2_ws/build/robot_controller/build/lib/robot_controller
[5.913s] running install
[5.915s] running install_lib
[5.922s] copying /home/ubuntu/person_follower/ros2_ws/build/robot_controller/build/lib/robot_controller/yolo_dpu_detector.py -> /home/ubuntu/person_follower/ros2_ws/install/robot_controller/lib/python3.10/site-packages/robot_controller
[5.923s] copying /home/ubuntu/person_follower/ros2_ws/build/robot_controller/build/lib/robot_controller/publish_result_serial.py -> /home/ubuntu/person_follower/ros2_ws/install/robot_controller/lib/python3.10/site-packages/robot_controller
[5.928s] byte-compiling /home/ubuntu/person_follower/ros2_ws/install/robot_controller/lib/python3.10/site-packages/robot_controller/yolo_dpu_detector.py to yolo_dpu_detector.cpython-310.pyc
[5.948s] byte-compiling /home/ubuntu/person_follower/ros2_ws/install/robot_controller/lib/python3.10/site-packages/robot_controller/publish_result_serial.py to publish_result_serial.cpython-310.pyc
[5.950s] running install_data
[5.953s] running install_egg_info
[5.963s] removing '/home/ubuntu/person_follower/ros2_ws/install/robot_controller/lib/python3.10/site-packages/robot_controller-0.0.0-py3.10.egg-info' (and everything under it)
[5.964s] Copying ../../build/robot_controller/robot_controller.egg-info to /home/ubuntu/person_follower/ros2_ws/install/robot_controller/lib/python3.10/site-packages/robot_controller-0.0.0-py3.10.egg-info
[5.971s] running install_scripts
[6.099s] Installing rosai_camera_demo script to /home/ubuntu/person_follower/ros2_ws/install/robot_controller/lib/robot_controller
[6.102s] Installing test_node script to /home/ubuntu/person_follower/ros2_ws/install/robot_controller/lib/robot_controller
[6.103s] Installing usbcam_publisher script to /home/ubuntu/person_follower/ros2_ws/install/robot_controller/lib/robot_controller
[6.107s] writing list of installed files to '/home/ubuntu/person_follower/ros2_ws/build/robot_controller/install.log'
[6.306s] Invoked command in '/home/ubuntu/person_follower/ros2_ws/src/robot_controller' returned '0': PS1=(pynq-venv) \[\e]0;\u@\h: \w\a\]${debian_chroot:+($debian_chroot)}\u@\h:\w\$ PYTHONPATH=/home/ubuntu/person_follower/ros2_ws/build/robot_controller/prefix_override:/usr/lib/python3/dist-packages/colcon_core/task/python/colcon_distutils_commands:/home/ubuntu/person_follower/ros2_ws/install/robot_controller/lib/python3.10/site-packages: VIRTUAL_ENV_PROMPT=(pynq-venv) /usr/bin/python3 -W ignore:setup.py install is deprecated setup.py egg_info --egg-base ../../build/robot_controller build --build-base /home/ubuntu/person_follower/ros2_ws/build/robot_controller/build install --record /home/ubuntu/person_follower/ros2_ws/build/robot_controller/install.log --single-version-externally-managed install_data
