[1.124s] DEBUG:colcon:Command line arguments: ['/usr/bin/colcon', 'build']
[1.124s] DEBUG:colcon:Parsed command line arguments: Namespace(log_base=None, log_level=None, verb_name='build', build_base='build', install_base='install', merge_install=False, symlink_install=False, test_result_base=None, continue_on_error=False, executor='parallel', parallel_workers=4, event_handlers=None, ignore_user_meta=False, metas=['./colcon.meta'], base_paths=['.'], packages_ignore=None, packages_ignore_regex=None, paths=None, packages_up_to=None, packages_up_to_regex=None, packages_above=None, packages_above_and_dependencies=None, packages_above_depth=None, packages_select_by_dep=None, packages_skip_by_dep=None, packages_skip_up_to=None, packages_select_build_failed=False, packages_skip_build_finished=False, packages_select_test_failures=False, packages_skip_test_passed=False, packages_select=None, packages_skip=None, packages_select_regex=None, packages_skip_regex=None, packages_start=None, packages_end=None, allow_overriding=[], cmake_args=None, cmake_target=None, cmake_target_skip_unavailable=False, cmake_clean_cache=False, cmake_clean_first=False, cmake_force_configure=False, ament_cmake_args=None, catkin_cmake_args=None, catkin_skip_building_tests=False, mixin_files=None, mixin=None, verb_parser=<colcon_mixin.mixin.mixin_argument.MixinArgumentDecorator object at 0xffff9910d600>, verb_extension=<colcon_core.verb.build.BuildVerb object at 0xffff99251d50>, main=<bound method BuildVerb.main of <colcon_core.verb.build.BuildVerb object at 0xffff99251d50>>, mixin_verb=('build',))
[2.222s] Level 1:colcon.colcon_core.package_discovery:discover_packages(colcon_meta) check parameters
[2.222s] Level 1:colcon.colcon_core.package_discovery:discover_packages(recursive) check parameters
[2.223s] Level 1:colcon.colcon_core.package_discovery:discover_packages(ignore) check parameters
[2.223s] Level 1:colcon.colcon_core.package_discovery:discover_packages(path) check parameters
[2.223s] Level 1:colcon.colcon_core.package_discovery:discover_packages(colcon_meta) discover
[2.223s] Level 1:colcon.colcon_core.package_discovery:discover_packages(recursive) discover
[2.224s] INFO:colcon.colcon_core.package_discovery:Crawling recursively for packages in '/home/ubuntu/person_follower/ros2_ws'
[2.224s] Level 1:colcon.colcon_core.package_identification:_identify(.) by extensions ['ignore', 'ignore_ament_install']
[2.225s] Level 1:colcon.colcon_core.package_identification:_identify(.) by extension 'ignore'
[2.225s] Level 1:colcon.colcon_core.package_identification:_identify(.) by extension 'ignore_ament_install'
[2.226s] Level 1:colcon.colcon_core.package_identification:_identify(.) by extensions ['colcon_pkg']
[2.226s] Level 1:colcon.colcon_core.package_identification:_identify(.) by extension 'colcon_pkg'
[2.226s] Level 1:colcon.colcon_core.package_identification:_identify(.) by extensions ['colcon_meta']
[2.226s] Level 1:colcon.colcon_core.package_identification:_identify(.) by extension 'colcon_meta'
[2.226s] Level 1:colcon.colcon_core.package_identification:_identify(.) by extensions ['ros']
[2.227s] Level 1:colcon.colcon_core.package_identification:_identify(.) by extension 'ros'
[2.327s] Level 1:colcon.colcon_core.package_identification:_identify(.) by extensions ['cmake', 'python']
[2.327s] Level 1:colcon.colcon_core.package_identification:_identify(.) by extension 'cmake'
[2.328s] Level 1:colcon.colcon_core.package_identification:_identify(.) by extension 'python'
[2.328s] Level 1:colcon.colcon_core.package_identification:_identify(.) by extensions ['python_setup_py']
[2.328s] Level 1:colcon.colcon_core.package_identification:_identify(.) by extension 'python_setup_py'
[2.329s] Level 1:colcon.colcon_core.package_identification:_identify(build) by extensions ['ignore', 'ignore_ament_install']
[2.329s] Level 1:colcon.colcon_core.package_identification:_identify(build) by extension 'ignore'
[2.329s] Level 1:colcon.colcon_core.package_identification:_identify(build) ignored
[2.330s] Level 1:colcon.colcon_core.package_identification:_identify(install) by extensions ['ignore', 'ignore_ament_install']
[2.331s] Level 1:colcon.colcon_core.package_identification:_identify(install) by extension 'ignore'
[2.331s] Level 1:colcon.colcon_core.package_identification:_identify(install) ignored
[2.332s] Level 1:colcon.colcon_core.package_identification:_identify(log) by extensions ['ignore', 'ignore_ament_install']
[2.332s] Level 1:colcon.colcon_core.package_identification:_identify(log) by extension 'ignore'
[2.332s] Level 1:colcon.colcon_core.package_identification:_identify(log) ignored
[2.333s] Level 1:colcon.colcon_core.package_identification:_identify(src) by extensions ['ignore', 'ignore_ament_install']
[2.333s] Level 1:colcon.colcon_core.package_identification:_identify(src) by extension 'ignore'
[2.333s] Level 1:colcon.colcon_core.package_identification:_identify(src) by extension 'ignore_ament_install'
[2.334s] Level 1:colcon.colcon_core.package_identification:_identify(src) by extensions ['colcon_pkg']
[2.334s] Level 1:colcon.colcon_core.package_identification:_identify(src) by extension 'colcon_pkg'
[2.334s] Level 1:colcon.colcon_core.package_identification:_identify(src) by extensions ['colcon_meta']
[2.335s] Level 1:colcon.colcon_core.package_identification:_identify(src) by extension 'colcon_meta'
[2.335s] Level 1:colcon.colcon_core.package_identification:_identify(src) by extensions ['ros']
[2.335s] Level 1:colcon.colcon_core.package_identification:_identify(src) by extension 'ros'
[2.336s] Level 1:colcon.colcon_core.package_identification:_identify(src) by extensions ['cmake', 'python']
[2.336s] Level 1:colcon.colcon_core.package_identification:_identify(src) by extension 'cmake'
[2.336s] Level 1:colcon.colcon_core.package_identification:_identify(src) by extension 'python'
[2.336s] Level 1:colcon.colcon_core.package_identification:_identify(src) by extensions ['python_setup_py']
[2.337s] Level 1:colcon.colcon_core.package_identification:_identify(src) by extension 'python_setup_py'
[2.337s] Level 1:colcon.colcon_core.package_identification:_identify(src/robot_controller) by extensions ['ignore', 'ignore_ament_install']
[2.338s] Level 1:colcon.colcon_core.package_identification:_identify(src/robot_controller) by extension 'ignore'
[2.338s] Level 1:colcon.colcon_core.package_identification:_identify(src/robot_controller) by extension 'ignore_ament_install'
[2.338s] Level 1:colcon.colcon_core.package_identification:_identify(src/robot_controller) by extensions ['colcon_pkg']
[2.339s] Level 1:colcon.colcon_core.package_identification:_identify(src/robot_controller) by extension 'colcon_pkg'
[2.339s] Level 1:colcon.colcon_core.package_identification:_identify(src/robot_controller) by extensions ['colcon_meta']
[2.339s] Level 1:colcon.colcon_core.package_identification:_identify(src/robot_controller) by extension 'colcon_meta'
[2.339s] Level 1:colcon.colcon_core.package_identification:_identify(src/robot_controller) by extensions ['ros']
[2.340s] Level 1:colcon.colcon_core.package_identification:_identify(src/robot_controller) by extension 'ros'
[2.375s] DEBUG:colcon.colcon_core.package_identification:Package 'src/robot_controller' with type 'ros.ament_python' and name 'robot_controller'
[2.376s] Level 1:colcon.colcon_core.package_discovery:discover_packages(recursive) using defaults
[2.376s] Level 1:colcon.colcon_core.package_discovery:discover_packages(ignore) discover
[2.376s] Level 1:colcon.colcon_core.package_discovery:discover_packages(ignore) using defaults
[2.377s] Level 1:colcon.colcon_core.package_discovery:discover_packages(path) discover
[2.377s] Level 1:colcon.colcon_core.package_discovery:discover_packages(path) using defaults
[2.583s] Level 1:colcon.colcon_core.package_discovery:discover_packages(prefix_path) check parameters
[2.583s] Level 1:colcon.colcon_core.package_discovery:discover_packages(prefix_path) discover
[2.594s] Level 1:colcon.colcon_core.package_discovery:discover_packages(prefix_path) using defaults
[2.603s] Level 5:colcon.colcon_core.verb:set package 'robot_controller' build argument 'cmake_args' from command line to 'None'
[2.604s] Level 5:colcon.colcon_core.verb:set package 'robot_controller' build argument 'cmake_target' from command line to 'None'
[2.604s] Level 5:colcon.colcon_core.verb:set package 'robot_controller' build argument 'cmake_target_skip_unavailable' from command line to 'False'
[2.604s] Level 5:colcon.colcon_core.verb:set package 'robot_controller' build argument 'cmake_clean_cache' from command line to 'False'
[2.604s] Level 5:colcon.colcon_core.verb:set package 'robot_controller' build argument 'cmake_clean_first' from command line to 'False'
[2.604s] Level 5:colcon.colcon_core.verb:set package 'robot_controller' build argument 'cmake_force_configure' from command line to 'False'
[2.604s] Level 5:colcon.colcon_core.verb:set package 'robot_controller' build argument 'ament_cmake_args' from command line to 'None'
[2.605s] Level 5:colcon.colcon_core.verb:set package 'robot_controller' build argument 'catkin_cmake_args' from command line to 'None'
[2.605s] Level 5:colcon.colcon_core.verb:set package 'robot_controller' build argument 'catkin_skip_building_tests' from command line to 'False'
[2.605s] DEBUG:colcon.colcon_core.verb:Building package 'robot_controller' with the following arguments: {'ament_cmake_args': None, 'build_base': '/home/ubuntu/person_follower/ros2_ws/build/robot_controller', 'catkin_cmake_args': None, 'catkin_skip_building_tests': False, 'cmake_args': None, 'cmake_clean_cache': False, 'cmake_clean_first': False, 'cmake_force_configure': False, 'cmake_target': None, 'cmake_target_skip_unavailable': False, 'install_base': '/home/ubuntu/person_follower/ros2_ws/install/robot_controller', 'merge_install': False, 'path': '/home/ubuntu/person_follower/ros2_ws/src/robot_controller', 'symlink_install': False, 'test_result_base': None}
[2.606s] INFO:colcon.colcon_core.executor:Executing jobs using 'parallel' executor
[2.611s] DEBUG:colcon.colcon_parallel_executor.executor.parallel:run_until_complete
[2.613s] INFO:colcon.colcon_ros.task.ament_python.build:Building ROS package in '/home/ubuntu/person_follower/ros2_ws/src/robot_controller' with build type 'ament_python'
[2.614s] Level 1:colcon.colcon_core.shell:create_environment_hook('robot_controller', 'ament_prefix_path')
[2.646s] INFO:colcon.colcon_core.plugin_system:Skipping extension 'colcon_core.shell.bat': Not used on non-Windows systems
[2.648s] INFO:colcon.colcon_core.shell:Creating environment hook '/home/ubuntu/person_follower/ros2_ws/install/robot_controller/share/robot_controller/hook/ament_prefix_path.ps1'
[2.653s] INFO:colcon.colcon_core.shell:Creating environment descriptor '/home/ubuntu/person_follower/ros2_ws/install/robot_controller/share/robot_controller/hook/ament_prefix_path.dsv'
[2.658s] INFO:colcon.colcon_core.shell:Creating environment hook '/home/ubuntu/person_follower/ros2_ws/install/robot_controller/share/robot_controller/hook/ament_prefix_path.sh'
[2.664s] INFO:colcon.colcon_core.shell:Skip shell extension 'powershell' for command environment: Not usable outside of PowerShell
[2.665s] DEBUG:colcon.colcon_core.shell:Skip shell extension 'dsv' for command environment
[4.204s] INFO:colcon.colcon_core.task.python.build:Building Python package in '/home/ubuntu/person_follower/ros2_ws/src/robot_controller'
[4.206s] INFO:colcon.colcon_core.shell:Skip shell extension 'powershell' for command environment: Not usable outside of PowerShell
[4.206s] DEBUG:colcon.colcon_core.shell:Skip shell extension 'dsv' for command environment
[7.102s] DEBUG:colcon.colcon_core.event_handler.log_command:Invoking command in '/home/ubuntu/person_follower/ros2_ws/src/robot_controller': PS1=(pynq-venv) \[\e]0;\u@\h: \w\a\]${debian_chroot:+($debian_chroot)}\u@\h:\w\$ PYTHONPATH=/home/ubuntu/person_follower/ros2_ws/build/robot_controller/prefix_override:/usr/lib/python3/dist-packages/colcon_core/task/python/colcon_distutils_commands:/home/ubuntu/person_follower/ros2_ws/install/robot_controller/lib/python3.10/site-packages: VIRTUAL_ENV_PROMPT=(pynq-venv) /usr/bin/python3 -W ignore:setup.py install is deprecated setup.py egg_info --egg-base ../../build/robot_controller build --build-base /home/ubuntu/person_follower/ros2_ws/build/robot_controller/build install --record /home/ubuntu/person_follower/ros2_ws/build/robot_controller/install.log --single-version-externally-managed install_data
[8.921s] DEBUG:colcon.colcon_core.event_handler.log_command:Invoked command in '/home/ubuntu/person_follower/ros2_ws/src/robot_controller' returned '0': PS1=(pynq-venv) \[\e]0;\u@\h: \w\a\]${debian_chroot:+($debian_chroot)}\u@\h:\w\$ PYTHONPATH=/home/ubuntu/person_follower/ros2_ws/build/robot_controller/prefix_override:/usr/lib/python3/dist-packages/colcon_core/task/python/colcon_distutils_commands:/home/ubuntu/person_follower/ros2_ws/install/robot_controller/lib/python3.10/site-packages: VIRTUAL_ENV_PROMPT=(pynq-venv) /usr/bin/python3 -W ignore:setup.py install is deprecated setup.py egg_info --egg-base ../../build/robot_controller build --build-base /home/ubuntu/person_follower/ros2_ws/build/robot_controller/build install --record /home/ubuntu/person_follower/ros2_ws/build/robot_controller/install.log --single-version-externally-managed install_data
[8.953s] Level 1:colcon.colcon_core.environment:checking '/home/ubuntu/person_follower/ros2_ws/install/robot_controller' for CMake module files
[8.958s] Level 1:colcon.colcon_core.environment:checking '/home/ubuntu/person_follower/ros2_ws/install/robot_controller' for CMake config files
[8.963s] Level 1:colcon.colcon_core.environment:checking '/home/ubuntu/person_follower/ros2_ws/install/robot_controller/lib'
[8.965s] Level 1:colcon.colcon_core.environment:checking '/home/ubuntu/person_follower/ros2_ws/install/robot_controller/bin'
[8.965s] Level 1:colcon.colcon_core.environment:checking '/home/ubuntu/person_follower/ros2_ws/install/robot_controller/lib/pkgconfig/robot_controller.pc'
[8.967s] Level 1:colcon.colcon_core.environment:checking '/home/ubuntu/person_follower/ros2_ws/install/robot_controller/lib/python3.10/site-packages'
[8.967s] Level 1:colcon.colcon_core.shell:create_environment_hook('robot_controller', 'pythonpath')
[8.968s] INFO:colcon.colcon_core.shell:Creating environment hook '/home/ubuntu/person_follower/ros2_ws/install/robot_controller/share/robot_controller/hook/pythonpath.ps1'
[8.972s] INFO:colcon.colcon_core.shell:Creating environment descriptor '/home/ubuntu/person_follower/ros2_ws/install/robot_controller/share/robot_controller/hook/pythonpath.dsv'
[8.974s] INFO:colcon.colcon_core.shell:Creating environment hook '/home/ubuntu/person_follower/ros2_ws/install/robot_controller/share/robot_controller/hook/pythonpath.sh'
[8.977s] Level 1:colcon.colcon_core.environment:checking '/home/ubuntu/person_follower/ros2_ws/install/robot_controller/bin'
[8.978s] Level 1:colcon.colcon_core.environment:create_environment_scripts_only(robot_controller)
[8.980s] INFO:colcon.colcon_core.shell:Creating package script '/home/ubuntu/person_follower/ros2_ws/install/robot_controller/share/robot_controller/package.ps1'
[8.987s] INFO:colcon.colcon_core.shell:Creating package descriptor '/home/ubuntu/person_follower/ros2_ws/install/robot_controller/share/robot_controller/package.dsv'
[8.992s] INFO:colcon.colcon_core.shell:Creating package script '/home/ubuntu/person_follower/ros2_ws/install/robot_controller/share/robot_controller/package.sh'
[9.000s] INFO:colcon.colcon_core.shell:Creating package script '/home/ubuntu/person_follower/ros2_ws/install/robot_controller/share/robot_controller/package.bash'
[9.008s] INFO:colcon.colcon_core.shell:Creating package script '/home/ubuntu/person_follower/ros2_ws/install/robot_controller/share/robot_controller/package.zsh'
[9.015s] Level 1:colcon.colcon_core.environment:create_file_with_runtime_dependencies(/home/ubuntu/person_follower/ros2_ws/install/robot_controller/share/colcon-core/packages/robot_controller)
[9.017s] DEBUG:colcon.colcon_parallel_executor.executor.parallel:closing loop
[9.018s] DEBUG:colcon.colcon_parallel_executor.executor.parallel:loop closed
[9.019s] DEBUG:colcon.colcon_parallel_executor.executor.parallel:run_until_complete finished with '0'
[9.019s] DEBUG:colcon.colcon_core.event_reactor:joining thread
[9.067s] INFO:colcon.colcon_core.plugin_system:Skipping extension 'colcon_notification.desktop_notification.terminal_notifier': Not used on non-Darwin systems
[9.068s] INFO:colcon.colcon_core.plugin_system:Skipping extension 'colcon_notification.desktop_notification.win32': Not used on non-Windows systems
[9.068s] INFO:colcon.colcon_notification.desktop_notification:Sending desktop notification using 'notify2'
[9.081s] DEBUG:colcon.colcon_notification.desktop_notification.notify2:Failed to initialize notify2: org.freedesktop.DBus.Error.Spawn.ExecFailed: /usr/bin/dbus-launch terminated abnormally without any error message
[9.082s] DEBUG:colcon.colcon_core.event_reactor:joined thread
[9.084s] INFO:colcon.colcon_core.shell:Creating prefix script '/home/ubuntu/person_follower/ros2_ws/install/local_setup.ps1'
[9.093s] INFO:colcon.colcon_core.shell:Creating prefix util module '/home/ubuntu/person_follower/ros2_ws/install/_local_setup_util_ps1.py'
[9.106s] INFO:colcon.colcon_core.shell:Creating prefix chain script '/home/ubuntu/person_follower/ros2_ws/install/setup.ps1'
[9.113s] INFO:colcon.colcon_core.shell:Creating prefix script '/home/ubuntu/person_follower/ros2_ws/install/local_setup.sh'
[9.121s] INFO:colcon.colcon_core.shell:Creating prefix util module '/home/ubuntu/person_follower/ros2_ws/install/_local_setup_util_sh.py'
[9.124s] INFO:colcon.colcon_core.shell:Creating prefix chain script '/home/ubuntu/person_follower/ros2_ws/install/setup.sh'
[9.130s] INFO:colcon.colcon_core.shell:Creating prefix script '/home/ubuntu/person_follower/ros2_ws/install/local_setup.bash'
[9.135s] INFO:colcon.colcon_core.shell:Creating prefix chain script '/home/ubuntu/person_follower/ros2_ws/install/setup.bash'
[9.141s] INFO:colcon.colcon_core.shell:Creating prefix script '/home/ubuntu/person_follower/ros2_ws/install/local_setup.zsh'
[9.146s] INFO:colcon.colcon_core.shell:Creating prefix chain script '/home/ubuntu/person_follower/ros2_ws/install/setup.zsh'
