[0.904s] DEBUG:colcon:Command line arguments: ['/usr/bin/colcon', 'build']
[0.904s] DEBUG:colcon:Parsed command line arguments: Namespace(log_base=None, log_level=None, verb_name='build', build_base='build', install_base='install', merge_install=False, symlink_install=False, test_result_base=None, continue_on_error=False, executor='parallel', parallel_workers=4, event_handlers=None, ignore_user_meta=False, metas=['./colcon.meta'], base_paths=['.'], packages_ignore=None, packages_ignore_regex=None, paths=None, packages_up_to=None, packages_up_to_regex=None, packages_above=None, packages_above_and_dependencies=None, packages_above_depth=None, packages_select_by_dep=None, packages_skip_by_dep=None, packages_skip_up_to=None, packages_select_build_failed=False, packages_skip_build_finished=False, packages_select_test_failures=False, packages_skip_test_passed=False, packages_select=None, packages_skip=None, packages_select_regex=None, packages_skip_regex=None, packages_start=None, packages_end=None, allow_overriding=[], cmake_args=None, cmake_target=None, cmake_target_skip_unavailable=False, cmake_clean_cache=False, cmake_clean_first=False, cmake_force_configure=False, ament_cmake_args=None, catkin_cmake_args=None, catkin_skip_building_tests=False, mixin_files=None, mixin=None, verb_parser=<colcon_mixin.mixin.mixin_argument.MixinArgumentDecorator object at 0xffff86b72110>, verb_extension=<colcon_core.verb.build.BuildVerb object at 0xffff86c92740>, main=<bound method BuildVerb.main of <colcon_core.verb.build.BuildVerb object at 0xffff86c92740>>, mixin_verb=('build',))
[2.144s] Level 1:colcon.colcon_core.package_discovery:discover_packages(colcon_meta) check parameters
[2.145s] Level 1:colcon.colcon_core.package_discovery:discover_packages(recursive) check parameters
[2.145s] Level 1:colcon.colcon_core.package_discovery:discover_packages(ignore) check parameters
[2.146s] Level 1:colcon.colcon_core.package_discovery:discover_packages(path) check parameters
[2.146s] Level 1:colcon.colcon_core.package_discovery:discover_packages(colcon_meta) discover
[2.146s] Level 1:colcon.colcon_core.package_discovery:discover_packages(recursive) discover
[2.146s] INFO:colcon.colcon_core.package_discovery:Crawling recursively for packages in '/home/ubuntu/person_follower/ros2_ws'
[2.147s] Level 1:colcon.colcon_core.package_identification:_identify(.) by extensions ['ignore', 'ignore_ament_install']
[2.148s] Level 1:colcon.colcon_core.package_identification:_identify(.) by extension 'ignore'
[2.148s] Level 1:colcon.colcon_core.package_identification:_identify(.) by extension 'ignore_ament_install'
[2.148s] Level 1:colcon.colcon_core.package_identification:_identify(.) by extensions ['colcon_pkg']
[2.148s] Level 1:colcon.colcon_core.package_identification:_identify(.) by extension 'colcon_pkg'
[2.149s] Level 1:colcon.colcon_core.package_identification:_identify(.) by extensions ['colcon_meta']
[2.149s] Level 1:colcon.colcon_core.package_identification:_identify(.) by extension 'colcon_meta'
[2.149s] Level 1:colcon.colcon_core.package_identification:_identify(.) by extensions ['ros']
[2.149s] Level 1:colcon.colcon_core.package_identification:_identify(.) by extension 'ros'
[2.231s] Level 1:colcon.colcon_core.package_identification:_identify(.) by extensions ['cmake', 'python']
[2.232s] Level 1:colcon.colcon_core.package_identification:_identify(.) by extension 'cmake'
[2.232s] Level 1:colcon.colcon_core.package_identification:_identify(.) by extension 'python'
[2.232s] Level 1:colcon.colcon_core.package_identification:_identify(.) by extensions ['python_setup_py']
[2.233s] Level 1:colcon.colcon_core.package_identification:_identify(.) by extension 'python_setup_py'
[2.233s] Level 1:colcon.colcon_core.package_identification:_identify(build) by extensions ['ignore', 'ignore_ament_install']
[2.234s] Level 1:colcon.colcon_core.package_identification:_identify(build) by extension 'ignore'
[2.234s] Level 1:colcon.colcon_core.package_identification:_identify(build) ignored
[2.235s] Level 1:colcon.colcon_core.package_identification:_identify(install) by extensions ['ignore', 'ignore_ament_install']
[2.235s] Level 1:colcon.colcon_core.package_identification:_identify(install) by extension 'ignore'
[2.236s] Level 1:colcon.colcon_core.package_identification:_identify(install) ignored
[2.236s] Level 1:colcon.colcon_core.package_identification:_identify(log) by extensions ['ignore', 'ignore_ament_install']
[2.237s] Level 1:colcon.colcon_core.package_identification:_identify(log) by extension 'ignore'
[2.237s] Level 1:colcon.colcon_core.package_identification:_identify(log) ignored
[2.237s] Level 1:colcon.colcon_core.package_identification:_identify(src) by extensions ['ignore', 'ignore_ament_install']
[2.238s] Level 1:colcon.colcon_core.package_identification:_identify(src) by extension 'ignore'
[2.238s] Level 1:colcon.colcon_core.package_identification:_identify(src) by extension 'ignore_ament_install'
[2.238s] Level 1:colcon.colcon_core.package_identification:_identify(src) by extensions ['colcon_pkg']
[2.239s] Level 1:colcon.colcon_core.package_identification:_identify(src) by extension 'colcon_pkg'
[2.239s] Level 1:colcon.colcon_core.package_identification:_identify(src) by extensions ['colcon_meta']
[2.239s] Level 1:colcon.colcon_core.package_identification:_identify(src) by extension 'colcon_meta'
[2.239s] Level 1:colcon.colcon_core.package_identification:_identify(src) by extensions ['ros']
[2.240s] Level 1:colcon.colcon_core.package_identification:_identify(src) by extension 'ros'
[2.240s] Level 1:colcon.colcon_core.package_identification:_identify(src) by extensions ['cmake', 'python']
[2.240s] Level 1:colcon.colcon_core.package_identification:_identify(src) by extension 'cmake'
[2.241s] Level 1:colcon.colcon_core.package_identification:_identify(src) by extension 'python'
[2.241s] Level 1:colcon.colcon_core.package_identification:_identify(src) by extensions ['python_setup_py']
[2.241s] Level 1:colcon.colcon_core.package_identification:_identify(src) by extension 'python_setup_py'
[2.242s] Level 1:colcon.colcon_core.package_identification:_identify(src/robot_controller) by extensions ['ignore', 'ignore_ament_install']
[2.242s] Level 1:colcon.colcon_core.package_identification:_identify(src/robot_controller) by extension 'ignore'
[2.242s] Level 1:colcon.colcon_core.package_identification:_identify(src/robot_controller) by extension 'ignore_ament_install'
[2.243s] Level 1:colcon.colcon_core.package_identification:_identify(src/robot_controller) by extensions ['colcon_pkg']
[2.243s] Level 1:colcon.colcon_core.package_identification:_identify(src/robot_controller) by extension 'colcon_pkg'
[2.243s] Level 1:colcon.colcon_core.package_identification:_identify(src/robot_controller) by extensions ['colcon_meta']
[2.243s] Level 1:colcon.colcon_core.package_identification:_identify(src/robot_controller) by extension 'colcon_meta'
[2.244s] Level 1:colcon.colcon_core.package_identification:_identify(src/robot_controller) by extensions ['ros']
[2.244s] Level 1:colcon.colcon_core.package_identification:_identify(src/robot_controller) by extension 'ros'
[2.259s] DEBUG:colcon.colcon_core.package_identification:Package 'src/robot_controller' with type 'ros.ament_python' and name 'robot_controller'
[2.260s] Level 1:colcon.colcon_core.package_discovery:discover_packages(recursive) using defaults
[2.260s] Level 1:colcon.colcon_core.package_discovery:discover_packages(ignore) discover
[2.260s] Level 1:colcon.colcon_core.package_discovery:discover_packages(ignore) using defaults
[2.261s] Level 1:colcon.colcon_core.package_discovery:discover_packages(path) discover
[2.261s] Level 1:colcon.colcon_core.package_discovery:discover_packages(path) using defaults
[2.387s] Level 1:colcon.colcon_core.package_discovery:discover_packages(prefix_path) check parameters
[2.388s] Level 1:colcon.colcon_core.package_discovery:discover_packages(prefix_path) discover
[2.398s] DEBUG:colcon.colcon_installed_package_information.package_discovery:Found 1 installed packages in /home/ubuntu/person_follower/ros2_ws/install
[2.409s] DEBUG:colcon.colcon_installed_package_information.package_discovery:Found 266 installed packages in /opt/ros/humble
[2.428s] Level 1:colcon.colcon_core.package_discovery:discover_packages(prefix_path) using defaults
[2.807s] Level 5:colcon.colcon_core.verb:set package 'robot_controller' build argument 'cmake_args' from command line to 'None'
[2.807s] Level 5:colcon.colcon_core.verb:set package 'robot_controller' build argument 'cmake_target' from command line to 'None'
[2.807s] Level 5:colcon.colcon_core.verb:set package 'robot_controller' build argument 'cmake_target_skip_unavailable' from command line to 'False'
[2.808s] Level 5:colcon.colcon_core.verb:set package 'robot_controller' build argument 'cmake_clean_cache' from command line to 'False'
[2.808s] Level 5:colcon.colcon_core.verb:set package 'robot_controller' build argument 'cmake_clean_first' from command line to 'False'
[2.808s] Level 5:colcon.colcon_core.verb:set package 'robot_controller' build argument 'cmake_force_configure' from command line to 'False'
[2.808s] Level 5:colcon.colcon_core.verb:set package 'robot_controller' build argument 'ament_cmake_args' from command line to 'None'
[2.808s] Level 5:colcon.colcon_core.verb:set package 'robot_controller' build argument 'catkin_cmake_args' from command line to 'None'
[2.808s] Level 5:colcon.colcon_core.verb:set package 'robot_controller' build argument 'catkin_skip_building_tests' from command line to 'False'
[2.809s] DEBUG:colcon.colcon_core.verb:Building package 'robot_controller' with the following arguments: {'ament_cmake_args': None, 'build_base': '/home/ubuntu/person_follower/ros2_ws/build/robot_controller', 'catkin_cmake_args': None, 'catkin_skip_building_tests': False, 'cmake_args': None, 'cmake_clean_cache': False, 'cmake_clean_first': False, 'cmake_force_configure': False, 'cmake_target': None, 'cmake_target_skip_unavailable': False, 'install_base': '/home/ubuntu/person_follower/ros2_ws/install/robot_controller', 'merge_install': False, 'path': '/home/ubuntu/person_follower/ros2_ws/src/robot_controller', 'symlink_install': False, 'test_result_base': None}
[2.810s] INFO:colcon.colcon_core.executor:Executing jobs using 'parallel' executor
[2.815s] DEBUG:colcon.colcon_parallel_executor.executor.parallel:run_until_complete
[2.816s] INFO:colcon.colcon_ros.task.ament_python.build:Building ROS package in '/home/ubuntu/person_follower/ros2_ws/src/robot_controller' with build type 'ament_python'
[2.817s] Level 1:colcon.colcon_core.shell:create_environment_hook('robot_controller', 'ament_prefix_path')
[2.828s] INFO:colcon.colcon_core.plugin_system:Skipping extension 'colcon_core.shell.bat': Not used on non-Windows systems
[2.830s] INFO:colcon.colcon_core.shell:Creating environment hook '/home/ubuntu/person_follower/ros2_ws/install/robot_controller/share/robot_controller/hook/ament_prefix_path.ps1'
[2.835s] INFO:colcon.colcon_core.shell:Creating environment descriptor '/home/ubuntu/person_follower/ros2_ws/install/robot_controller/share/robot_controller/hook/ament_prefix_path.dsv'
[2.838s] INFO:colcon.colcon_core.shell:Creating environment hook '/home/ubuntu/person_follower/ros2_ws/install/robot_controller/share/robot_controller/hook/ament_prefix_path.sh'
[2.844s] INFO:colcon.colcon_core.shell:Skip shell extension 'powershell' for command environment: Not usable outside of PowerShell
[2.844s] DEBUG:colcon.colcon_core.shell:Skip shell extension 'dsv' for command environment
[4.804s] INFO:colcon.colcon_core.task.python.build:Building Python package in '/home/ubuntu/person_follower/ros2_ws/src/robot_controller'
[4.807s] INFO:colcon.colcon_core.shell:Skip shell extension 'powershell' for command environment: Not usable outside of PowerShell
[4.808s] DEBUG:colcon.colcon_core.shell:Skip shell extension 'dsv' for command environment
[7.645s] DEBUG:colcon.colcon_core.event_handler.log_command:Invoking command in '/home/ubuntu/person_follower/ros2_ws/src/robot_controller': PS1=(pynq-venv) \[\e]0;\u@\h: \w\a\]${debian_chroot:+($debian_chroot)}\u@\h:\w\$ PYTHONPATH=/home/ubuntu/person_follower/ros2_ws/build/robot_controller/prefix_override:/usr/lib/python3/dist-packages/colcon_core/task/python/colcon_distutils_commands:/home/ubuntu/person_follower/ros2_ws/install/robot_controller/lib/python3.10/site-packages:${PYTHONPATH} VIRTUAL_ENV_PROMPT=(pynq-venv) /usr/bin/python3 -W ignore:setup.py install is deprecated setup.py egg_info --egg-base ../../build/robot_controller build --build-base /home/ubuntu/person_follower/ros2_ws/build/robot_controller/build install --record /home/ubuntu/person_follower/ros2_ws/build/robot_controller/install.log --single-version-externally-managed install_data
[9.847s] DEBUG:colcon.colcon_core.event_handler.log_command:Invoked command in '/home/ubuntu/person_follower/ros2_ws/src/robot_controller' returned '0': PS1=(pynq-venv) \[\e]0;\u@\h: \w\a\]${debian_chroot:+($debian_chroot)}\u@\h:\w\$ PYTHONPATH=/home/ubuntu/person_follower/ros2_ws/build/robot_controller/prefix_override:/usr/lib/python3/dist-packages/colcon_core/task/python/colcon_distutils_commands:/home/ubuntu/person_follower/ros2_ws/install/robot_controller/lib/python3.10/site-packages:${PYTHONPATH} VIRTUAL_ENV_PROMPT=(pynq-venv) /usr/bin/python3 -W ignore:setup.py install is deprecated setup.py egg_info --egg-base ../../build/robot_controller build --build-base /home/ubuntu/person_follower/ros2_ws/build/robot_controller/build install --record /home/ubuntu/person_follower/ros2_ws/build/robot_controller/install.log --single-version-externally-managed install_data
[9.862s] Level 1:colcon.colcon_core.environment:checking '/home/ubuntu/person_follower/ros2_ws/install/robot_controller' for CMake module files
[9.865s] Level 1:colcon.colcon_core.environment:checking '/home/ubuntu/person_follower/ros2_ws/install/robot_controller' for CMake config files
[9.869s] Level 1:colcon.colcon_core.environment:checking '/home/ubuntu/person_follower/ros2_ws/install/robot_controller/lib'
[9.870s] Level 1:colcon.colcon_core.environment:checking '/home/ubuntu/person_follower/ros2_ws/install/robot_controller/bin'
[9.871s] Level 1:colcon.colcon_core.environment:checking '/home/ubuntu/person_follower/ros2_ws/install/robot_controller/lib/pkgconfig/robot_controller.pc'
[9.872s] Level 1:colcon.colcon_core.environment:checking '/home/ubuntu/person_follower/ros2_ws/install/robot_controller/lib/python3.10/site-packages'
[9.873s] Level 1:colcon.colcon_core.shell:create_environment_hook('robot_controller', 'pythonpath')
[9.874s] INFO:colcon.colcon_core.shell:Creating environment hook '/home/ubuntu/person_follower/ros2_ws/install/robot_controller/share/robot_controller/hook/pythonpath.ps1'
[9.877s] INFO:colcon.colcon_core.shell:Creating environment descriptor '/home/ubuntu/person_follower/ros2_ws/install/robot_controller/share/robot_controller/hook/pythonpath.dsv'
[9.880s] INFO:colcon.colcon_core.shell:Creating environment hook '/home/ubuntu/person_follower/ros2_ws/install/robot_controller/share/robot_controller/hook/pythonpath.sh'
[9.885s] Level 1:colcon.colcon_core.environment:checking '/home/ubuntu/person_follower/ros2_ws/install/robot_controller/bin'
[9.885s] Level 1:colcon.colcon_core.environment:create_environment_scripts_only(robot_controller)
[9.888s] INFO:colcon.colcon_core.shell:Creating package script '/home/ubuntu/person_follower/ros2_ws/install/robot_controller/share/robot_controller/package.ps1'
[9.896s] INFO:colcon.colcon_core.shell:Creating package descriptor '/home/ubuntu/person_follower/ros2_ws/install/robot_controller/share/robot_controller/package.dsv'
[9.901s] INFO:colcon.colcon_core.shell:Creating package script '/home/ubuntu/person_follower/ros2_ws/install/robot_controller/share/robot_controller/package.sh'
[9.909s] INFO:colcon.colcon_core.shell:Creating package script '/home/ubuntu/person_follower/ros2_ws/install/robot_controller/share/robot_controller/package.bash'
[9.917s] INFO:colcon.colcon_core.shell:Creating package script '/home/ubuntu/person_follower/ros2_ws/install/robot_controller/share/robot_controller/package.zsh'
[9.923s] Level 1:colcon.colcon_core.environment:create_file_with_runtime_dependencies(/home/ubuntu/person_follower/ros2_ws/install/robot_controller/share/colcon-core/packages/robot_controller)
[9.925s] DEBUG:colcon.colcon_parallel_executor.executor.parallel:closing loop
[9.927s] DEBUG:colcon.colcon_parallel_executor.executor.parallel:loop closed
[9.928s] DEBUG:colcon.colcon_parallel_executor.executor.parallel:run_until_complete finished with '0'
[9.928s] DEBUG:colcon.colcon_core.event_reactor:joining thread
[9.958s] INFO:colcon.colcon_core.plugin_system:Skipping extension 'colcon_notification.desktop_notification.terminal_notifier': Not used on non-Darwin systems
[9.959s] INFO:colcon.colcon_core.plugin_system:Skipping extension 'colcon_notification.desktop_notification.win32': Not used on non-Windows systems
[9.959s] INFO:colcon.colcon_notification.desktop_notification:Sending desktop notification using 'notify2'
[9.972s] DEBUG:colcon.colcon_notification.desktop_notification.notify2:Failed to initialize notify2: org.freedesktop.DBus.Error.Spawn.ExecFailed: /usr/bin/dbus-launch terminated abnormally without any error message
[9.973s] DEBUG:colcon.colcon_core.event_reactor:joined thread
[9.975s] INFO:colcon.colcon_core.shell:Creating prefix script '/home/ubuntu/person_follower/ros2_ws/install/local_setup.ps1'
[9.982s] INFO:colcon.colcon_core.shell:Creating prefix util module '/home/ubuntu/person_follower/ros2_ws/install/_local_setup_util_ps1.py'
[9.993s] INFO:colcon.colcon_core.shell:Creating prefix chain script '/home/ubuntu/person_follower/ros2_ws/install/setup.ps1'
[10.000s] INFO:colcon.colcon_core.shell:Creating prefix script '/home/ubuntu/person_follower/ros2_ws/install/local_setup.sh'
[10.004s] INFO:colcon.colcon_core.shell:Creating prefix util module '/home/ubuntu/person_follower/ros2_ws/install/_local_setup_util_sh.py'
[10.007s] INFO:colcon.colcon_core.shell:Creating prefix chain script '/home/ubuntu/person_follower/ros2_ws/install/setup.sh'
[10.014s] INFO:colcon.colcon_core.shell:Creating prefix script '/home/ubuntu/person_follower/ros2_ws/install/local_setup.bash'
[10.018s] INFO:colcon.colcon_core.shell:Creating prefix chain script '/home/ubuntu/person_follower/ros2_ws/install/setup.bash'
[10.026s] INFO:colcon.colcon_core.shell:Creating prefix script '/home/ubuntu/person_follower/ros2_ws/install/local_setup.zsh'
[10.029s] INFO:colcon.colcon_core.shell:Creating prefix chain script '/home/ubuntu/person_follower/ros2_ws/install/setup.zsh'
