[3.922s] Invoking command in '/home/ubuntu/person_follower/ros2_ws/src/robot_controller': PS1=(pynq-venv) \[\e]0;\u@\h: \w\a\]${debian_chroot:+($debian_chroot)}\u@\h:\w\$ PYTHONPATH=/home/ubuntu/person_follower/ros2_ws/build/robot_controller/prefix_override:/usr/lib/python3/dist-packages/colcon_core/task/python/colcon_distutils_commands:/home/ubuntu/person_follower/ros2_ws/install/robot_controller/lib/python3.10/site-packages: VIRTUAL_ENV_PROMPT=(pynq-venv) /usr/bin/python3 -W ignore:setup.py install is deprecated setup.py egg_info --egg-base ../../build/robot_controller build --build-base /home/ubuntu/person_follower/ros2_ws/build/robot_controller/build install --record /home/ubuntu/person_follower/ros2_ws/build/robot_controller/install.log --single-version-externally-managed install_data
[5.290s] running egg_info
[5.294s] writing ../../build/robot_controller/robot_controller.egg-info/PKG-INFO
[5.295s] writing dependency_links to ../../build/robot_controller/robot_controller.egg-info/dependency_links.txt
[5.297s] writing entry points to ../../build/robot_controller/robot_controller.egg-info/entry_points.txt
[5.298s] writing requirements to ../../build/robot_controller/robot_controller.egg-info/requires.txt
[5.298s] writing top-level names to ../../build/robot_controller/robot_controller.egg-info/top_level.txt
[5.309s] reading manifest file '../../build/robot_controller/robot_controller.egg-info/SOURCES.txt'
[5.317s] writing manifest file '../../build/robot_controller/robot_controller.egg-info/SOURCES.txt'
[5.318s] running build
[5.319s] running build_py
[5.320s] copying robot_controller/cam_resizer_publisher.py -> /home/ubuntu/person_follower/ros2_ws/build/robot_controller/build/lib/robot_controller
[5.322s] running install
[5.324s] running install_lib
[5.329s] copying /home/ubuntu/person_follower/ros2_ws/build/robot_controller/build/lib/robot_controller/cam_resizer_publisher.py -> /home/ubuntu/person_follower/ros2_ws/install/robot_controller/lib/python3.10/site-packages/robot_controller
[5.333s] byte-compiling /home/ubuntu/person_follower/ros2_ws/install/robot_controller/lib/python3.10/site-packages/robot_controller/cam_resizer_publisher.py to cam_resizer_publisher.cpython-310.pyc
[5.338s] running install_data
[5.339s] running install_egg_info
[5.348s] removing '/home/ubuntu/person_follower/ros2_ws/install/robot_controller/lib/python3.10/site-packages/robot_controller-0.0.0-py3.10.egg-info' (and everything under it)
[5.350s] Copying ../../build/robot_controller/robot_controller.egg-info to /home/ubuntu/person_follower/ros2_ws/install/robot_controller/lib/python3.10/site-packages/robot_controller-0.0.0-py3.10.egg-info
[5.355s] running install_scripts
[5.486s] Installing rosai_camera_demo script to /home/ubuntu/person_follower/ros2_ws/install/robot_controller/lib/robot_controller
[5.487s] Installing test_node script to /home/ubuntu/person_follower/ros2_ws/install/robot_controller/lib/robot_controller
[5.488s] Installing usbcam_publisher script to /home/ubuntu/person_follower/ros2_ws/install/robot_controller/lib/robot_controller
[5.490s] writing list of installed files to '/home/ubuntu/person_follower/ros2_ws/build/robot_controller/install.log'
[5.693s] Invoked command in '/home/ubuntu/person_follower/ros2_ws/src/robot_controller' returned '0': PS1=(pynq-venv) \[\e]0;\u@\h: \w\a\]${debian_chroot:+($debian_chroot)}\u@\h:\w\$ PYTHONPATH=/home/ubuntu/person_follower/ros2_ws/build/robot_controller/prefix_override:/usr/lib/python3/dist-packages/colcon_core/task/python/colcon_distutils_commands:/home/ubuntu/person_follower/ros2_ws/install/robot_controller/lib/python3.10/site-packages: VIRTUAL_ENV_PROMPT=(pynq-venv) /usr/bin/python3 -W ignore:setup.py install is deprecated setup.py egg_info --egg-base ../../build/robot_controller build --build-base /home/ubuntu/person_follower/ros2_ws/build/robot_controller/build install --record /home/ubuntu/person_follower/ros2_ws/build/robot_controller/install.log --single-version-externally-managed install_data
