[0.767s] DEBUG:colcon:Command line arguments: ['/usr/bin/colcon', 'build']
[0.767s] DEBUG:colcon:Parsed command line arguments: Namespace(log_base=None, log_level=None, verb_name='build', build_base='build', install_base='install', merge_install=False, symlink_install=False, test_result_base=None, continue_on_error=False, executor='parallel', parallel_workers=4, event_handlers=None, ignore_user_meta=False, metas=['./colcon.meta'], base_paths=['.'], packages_ignore=None, packages_ignore_regex=None, paths=None, packages_up_to=None, packages_up_to_regex=None, packages_above=None, packages_above_and_dependencies=None, packages_above_depth=None, packages_select_by_dep=None, packages_skip_by_dep=None, packages_skip_up_to=None, packages_select_build_failed=False, packages_skip_build_finished=False, packages_select_test_failures=False, packages_skip_test_passed=False, packages_select=None, packages_skip=None, packages_select_regex=None, packages_skip_regex=None, packages_start=None, packages_end=None, allow_overriding=[], cmake_args=None, cmake_target=None, cmake_target_skip_unavailable=False, cmake_clean_cache=False, cmake_clean_first=False, cmake_force_configure=False, ament_cmake_args=None, catkin_cmake_args=None, catkin_skip_building_tests=False, mixin_files=None, mixin=None, verb_parser=<colcon_mixin.mixin.mixin_argument.MixinArgumentDecorator object at 0xffffa91a2170>, verb_extension=<colcon_core.verb.build.BuildVerb object at 0xffffa92c27a0>, main=<bound method BuildVerb.main of <colcon_core.verb.build.BuildVerb object at 0xffffa92c27a0>>, mixin_verb=('build',))
[2.017s] Level 1:colcon.colcon_core.package_discovery:discover_packages(colcon_meta) check parameters
[2.018s] Level 1:colcon.colcon_core.package_discovery:discover_packages(recursive) check parameters
[2.018s] Level 1:colcon.colcon_core.package_discovery:discover_packages(ignore) check parameters
[2.018s] Level 1:colcon.colcon_core.package_discovery:discover_packages(path) check parameters
[2.018s] Level 1:colcon.colcon_core.package_discovery:discover_packages(colcon_meta) discover
[2.019s] Level 1:colcon.colcon_core.package_discovery:discover_packages(recursive) discover
[2.019s] INFO:colcon.colcon_core.package_discovery:Crawling recursively for packages in '/home/ubuntu/person_follower/ros2_ws'
[2.020s] Level 1:colcon.colcon_core.package_identification:_identify(.) by extensions ['ignore', 'ignore_ament_install']
[2.020s] Level 1:colcon.colcon_core.package_identification:_identify(.) by extension 'ignore'
[2.021s] Level 1:colcon.colcon_core.package_identification:_identify(.) by extension 'ignore_ament_install'
[2.021s] Level 1:colcon.colcon_core.package_identification:_identify(.) by extensions ['colcon_pkg']
[2.021s] Level 1:colcon.colcon_core.package_identification:_identify(.) by extension 'colcon_pkg'
[2.022s] Level 1:colcon.colcon_core.package_identification:_identify(.) by extensions ['colcon_meta']
[2.022s] Level 1:colcon.colcon_core.package_identification:_identify(.) by extension 'colcon_meta'
[2.022s] Level 1:colcon.colcon_core.package_identification:_identify(.) by extensions ['ros']
[2.022s] Level 1:colcon.colcon_core.package_identification:_identify(.) by extension 'ros'
[2.112s] Level 1:colcon.colcon_core.package_identification:_identify(.) by extensions ['cmake', 'python']
[2.112s] Level 1:colcon.colcon_core.package_identification:_identify(.) by extension 'cmake'
[2.113s] Level 1:colcon.colcon_core.package_identification:_identify(.) by extension 'python'
[2.113s] Level 1:colcon.colcon_core.package_identification:_identify(.) by extensions ['python_setup_py']
[2.113s] Level 1:colcon.colcon_core.package_identification:_identify(.) by extension 'python_setup_py'
[2.114s] Level 1:colcon.colcon_core.package_identification:_identify(build) by extensions ['ignore', 'ignore_ament_install']
[2.114s] Level 1:colcon.colcon_core.package_identification:_identify(build) by extension 'ignore'
[2.115s] Level 1:colcon.colcon_core.package_identification:_identify(build) ignored
[2.115s] Level 1:colcon.colcon_core.package_identification:_identify(install) by extensions ['ignore', 'ignore_ament_install']
[2.116s] Level 1:colcon.colcon_core.package_identification:_identify(install) by extension 'ignore'
[2.116s] Level 1:colcon.colcon_core.package_identification:_identify(install) ignored
[2.117s] Level 1:colcon.colcon_core.package_identification:_identify(log) by extensions ['ignore', 'ignore_ament_install']
[2.117s] Level 1:colcon.colcon_core.package_identification:_identify(log) by extension 'ignore'
[2.117s] Level 1:colcon.colcon_core.package_identification:_identify(log) ignored
[2.118s] Level 1:colcon.colcon_core.package_identification:_identify(src) by extensions ['ignore', 'ignore_ament_install']
[2.118s] Level 1:colcon.colcon_core.package_identification:_identify(src) by extension 'ignore'
[2.119s] Level 1:colcon.colcon_core.package_identification:_identify(src) by extension 'ignore_ament_install'
[2.119s] Level 1:colcon.colcon_core.package_identification:_identify(src) by extensions ['colcon_pkg']
[2.119s] Level 1:colcon.colcon_core.package_identification:_identify(src) by extension 'colcon_pkg'
[2.119s] Level 1:colcon.colcon_core.package_identification:_identify(src) by extensions ['colcon_meta']
[2.120s] Level 1:colcon.colcon_core.package_identification:_identify(src) by extension 'colcon_meta'
[2.120s] Level 1:colcon.colcon_core.package_identification:_identify(src) by extensions ['ros']
[2.120s] Level 1:colcon.colcon_core.package_identification:_identify(src) by extension 'ros'
[2.121s] Level 1:colcon.colcon_core.package_identification:_identify(src) by extensions ['cmake', 'python']
[2.121s] Level 1:colcon.colcon_core.package_identification:_identify(src) by extension 'cmake'
[2.121s] Level 1:colcon.colcon_core.package_identification:_identify(src) by extension 'python'
[2.121s] Level 1:colcon.colcon_core.package_identification:_identify(src) by extensions ['python_setup_py']
[2.122s] Level 1:colcon.colcon_core.package_identification:_identify(src) by extension 'python_setup_py'
[2.122s] Level 1:colcon.colcon_core.package_identification:_identify(src/robot_controller) by extensions ['ignore', 'ignore_ament_install']
[2.123s] Level 1:colcon.colcon_core.package_identification:_identify(src/robot_controller) by extension 'ignore'
[2.123s] Level 1:colcon.colcon_core.package_identification:_identify(src/robot_controller) by extension 'ignore_ament_install'
[2.123s] Level 1:colcon.colcon_core.package_identification:_identify(src/robot_controller) by extensions ['colcon_pkg']
[2.123s] Level 1:colcon.colcon_core.package_identification:_identify(src/robot_controller) by extension 'colcon_pkg'
[2.124s] Level 1:colcon.colcon_core.package_identification:_identify(src/robot_controller) by extensions ['colcon_meta']
[2.124s] Level 1:colcon.colcon_core.package_identification:_identify(src/robot_controller) by extension 'colcon_meta'
[2.124s] Level 1:colcon.colcon_core.package_identification:_identify(src/robot_controller) by extensions ['ros']
[2.124s] Level 1:colcon.colcon_core.package_identification:_identify(src/robot_controller) by extension 'ros'
[2.140s] DEBUG:colcon.colcon_core.package_identification:Package 'src/robot_controller' with type 'ros.ament_python' and name 'robot_controller'
[2.140s] Level 1:colcon.colcon_core.package_discovery:discover_packages(recursive) using defaults
[2.141s] Level 1:colcon.colcon_core.package_discovery:discover_packages(ignore) discover
[2.141s] Level 1:colcon.colcon_core.package_discovery:discover_packages(ignore) using defaults
[2.141s] Level 1:colcon.colcon_core.package_discovery:discover_packages(path) discover
[2.141s] Level 1:colcon.colcon_core.package_discovery:discover_packages(path) using defaults
[2.272s] Level 1:colcon.colcon_core.package_discovery:discover_packages(prefix_path) check parameters
[2.273s] Level 1:colcon.colcon_core.package_discovery:discover_packages(prefix_path) discover
[2.286s] DEBUG:colcon.colcon_installed_package_information.package_discovery:Found 1 installed packages in /home/ubuntu/person_follower/ros2_ws/install
[2.296s] DEBUG:colcon.colcon_installed_package_information.package_discovery:Found 266 installed packages in /opt/ros/humble
[2.315s] Level 1:colcon.colcon_core.package_discovery:discover_packages(prefix_path) using defaults
[2.694s] Level 5:colcon.colcon_core.verb:set package 'robot_controller' build argument 'cmake_args' from command line to 'None'
[2.694s] Level 5:colcon.colcon_core.verb:set package 'robot_controller' build argument 'cmake_target' from command line to 'None'
[2.694s] Level 5:colcon.colcon_core.verb:set package 'robot_controller' build argument 'cmake_target_skip_unavailable' from command line to 'False'
[2.694s] Level 5:colcon.colcon_core.verb:set package 'robot_controller' build argument 'cmake_clean_cache' from command line to 'False'
[2.694s] Level 5:colcon.colcon_core.verb:set package 'robot_controller' build argument 'cmake_clean_first' from command line to 'False'
[2.695s] Level 5:colcon.colcon_core.verb:set package 'robot_controller' build argument 'cmake_force_configure' from command line to 'False'
[2.695s] Level 5:colcon.colcon_core.verb:set package 'robot_controller' build argument 'ament_cmake_args' from command line to 'None'
[2.695s] Level 5:colcon.colcon_core.verb:set package 'robot_controller' build argument 'catkin_cmake_args' from command line to 'None'
[2.695s] Level 5:colcon.colcon_core.verb:set package 'robot_controller' build argument 'catkin_skip_building_tests' from command line to 'False'
[2.696s] DEBUG:colcon.colcon_core.verb:Building package 'robot_controller' with the following arguments: {'ament_cmake_args': None, 'build_base': '/home/ubuntu/person_follower/ros2_ws/build/robot_controller', 'catkin_cmake_args': None, 'catkin_skip_building_tests': False, 'cmake_args': None, 'cmake_clean_cache': False, 'cmake_clean_first': False, 'cmake_force_configure': False, 'cmake_target': None, 'cmake_target_skip_unavailable': False, 'install_base': '/home/ubuntu/person_follower/ros2_ws/install/robot_controller', 'merge_install': False, 'path': '/home/ubuntu/person_follower/ros2_ws/src/robot_controller', 'symlink_install': False, 'test_result_base': None}
[2.697s] INFO:colcon.colcon_core.executor:Executing jobs using 'parallel' executor
[2.702s] DEBUG:colcon.colcon_parallel_executor.executor.parallel:run_until_complete
[2.703s] INFO:colcon.colcon_ros.task.ament_python.build:Building ROS package in '/home/ubuntu/person_follower/ros2_ws/src/robot_controller' with build type 'ament_python'
[2.704s] Level 1:colcon.colcon_core.shell:create_environment_hook('robot_controller', 'ament_prefix_path')
[2.715s] INFO:colcon.colcon_core.plugin_system:Skipping extension 'colcon_core.shell.bat': Not used on non-Windows systems
[2.716s] INFO:colcon.colcon_core.shell:Creating environment hook '/home/ubuntu/person_follower/ros2_ws/install/robot_controller/share/robot_controller/hook/ament_prefix_path.ps1'
[2.721s] INFO:colcon.colcon_core.shell:Creating environment descriptor '/home/ubuntu/person_follower/ros2_ws/install/robot_controller/share/robot_controller/hook/ament_prefix_path.dsv'
[2.724s] INFO:colcon.colcon_core.shell:Creating environment hook '/home/ubuntu/person_follower/ros2_ws/install/robot_controller/share/robot_controller/hook/ament_prefix_path.sh'
[2.730s] INFO:colcon.colcon_core.shell:Skip shell extension 'powershell' for command environment: Not usable outside of PowerShell
[2.730s] DEBUG:colcon.colcon_core.shell:Skip shell extension 'dsv' for command environment
[4.651s] INFO:colcon.colcon_core.task.python.build:Building Python package in '/home/ubuntu/person_follower/ros2_ws/src/robot_controller'
[4.653s] INFO:colcon.colcon_core.shell:Skip shell extension 'powershell' for command environment: Not usable outside of PowerShell
[4.653s] DEBUG:colcon.colcon_core.shell:Skip shell extension 'dsv' for command environment
[7.238s] DEBUG:colcon.colcon_core.event_handler.log_command:Invoking command in '/home/ubuntu/person_follower/ros2_ws/src/robot_controller': PS1=(pynq-venv) ${debian_chroot:+($debian_chroot)}\u@\h:\w\$ PYTHONPATH=/home/ubuntu/person_follower/ros2_ws/build/robot_controller/prefix_override:/usr/lib/python3/dist-packages/colcon_core/task/python/colcon_distutils_commands:/home/ubuntu/person_follower/ros2_ws/install/robot_controller/lib/python3.10/site-packages:${PYTHONPATH} VIRTUAL_ENV_PROMPT=(pynq-venv) /usr/bin/python3 -W ignore:setup.py install is deprecated setup.py egg_info --egg-base ../../build/robot_controller build --build-base /home/ubuntu/person_follower/ros2_ws/build/robot_controller/build install --record /home/ubuntu/person_follower/ros2_ws/build/robot_controller/install.log --single-version-externally-managed install_data
[9.389s] DEBUG:colcon.colcon_core.event_handler.log_command:Invoked command in '/home/ubuntu/person_follower/ros2_ws/src/robot_controller' returned '0': PS1=(pynq-venv) ${debian_chroot:+($debian_chroot)}\u@\h:\w\$ PYTHONPATH=/home/ubuntu/person_follower/ros2_ws/build/robot_controller/prefix_override:/usr/lib/python3/dist-packages/colcon_core/task/python/colcon_distutils_commands:/home/ubuntu/person_follower/ros2_ws/install/robot_controller/lib/python3.10/site-packages:${PYTHONPATH} VIRTUAL_ENV_PROMPT=(pynq-venv) /usr/bin/python3 -W ignore:setup.py install is deprecated setup.py egg_info --egg-base ../../build/robot_controller build --build-base /home/ubuntu/person_follower/ros2_ws/build/robot_controller/build install --record /home/ubuntu/person_follower/ros2_ws/build/robot_controller/install.log --single-version-externally-managed install_data
[9.402s] Level 1:colcon.colcon_core.environment:checking '/home/ubuntu/person_follower/ros2_ws/install/robot_controller' for CMake module files
[9.405s] Level 1:colcon.colcon_core.environment:checking '/home/ubuntu/person_follower/ros2_ws/install/robot_controller' for CMake config files
[9.409s] Level 1:colcon.colcon_core.environment:checking '/home/ubuntu/person_follower/ros2_ws/install/robot_controller/lib'
[9.410s] Level 1:colcon.colcon_core.environment:checking '/home/ubuntu/person_follower/ros2_ws/install/robot_controller/bin'
[9.410s] Level 1:colcon.colcon_core.environment:checking '/home/ubuntu/person_follower/ros2_ws/install/robot_controller/lib/pkgconfig/robot_controller.pc'
[9.412s] Level 1:colcon.colcon_core.environment:checking '/home/ubuntu/person_follower/ros2_ws/install/robot_controller/lib/python3.10/site-packages'
[9.412s] Level 1:colcon.colcon_core.shell:create_environment_hook('robot_controller', 'pythonpath')
[9.414s] INFO:colcon.colcon_core.shell:Creating environment hook '/home/ubuntu/person_follower/ros2_ws/install/robot_controller/share/robot_controller/hook/pythonpath.ps1'
[9.416s] INFO:colcon.colcon_core.shell:Creating environment descriptor '/home/ubuntu/person_follower/ros2_ws/install/robot_controller/share/robot_controller/hook/pythonpath.dsv'
[9.419s] INFO:colcon.colcon_core.shell:Creating environment hook '/home/ubuntu/person_follower/ros2_ws/install/robot_controller/share/robot_controller/hook/pythonpath.sh'
[9.422s] Level 1:colcon.colcon_core.environment:checking '/home/ubuntu/person_follower/ros2_ws/install/robot_controller/bin'
[9.423s] Level 1:colcon.colcon_core.environment:create_environment_scripts_only(robot_controller)
[9.425s] INFO:colcon.colcon_core.shell:Creating package script '/home/ubuntu/person_follower/ros2_ws/install/robot_controller/share/robot_controller/package.ps1'
[9.431s] INFO:colcon.colcon_core.shell:Creating package descriptor '/home/ubuntu/person_follower/ros2_ws/install/robot_controller/share/robot_controller/package.dsv'
[9.436s] INFO:colcon.colcon_core.shell:Creating package script '/home/ubuntu/person_follower/ros2_ws/install/robot_controller/share/robot_controller/package.sh'
[9.442s] INFO:colcon.colcon_core.shell:Creating package script '/home/ubuntu/person_follower/ros2_ws/install/robot_controller/share/robot_controller/package.bash'
[9.448s] INFO:colcon.colcon_core.shell:Creating package script '/home/ubuntu/person_follower/ros2_ws/install/robot_controller/share/robot_controller/package.zsh'
[9.452s] Level 1:colcon.colcon_core.environment:create_file_with_runtime_dependencies(/home/ubuntu/person_follower/ros2_ws/install/robot_controller/share/colcon-core/packages/robot_controller)
[9.455s] DEBUG:colcon.colcon_parallel_executor.executor.parallel:closing loop
[9.457s] DEBUG:colcon.colcon_parallel_executor.executor.parallel:loop closed
[9.457s] DEBUG:colcon.colcon_parallel_executor.executor.parallel:run_until_complete finished with '0'
[9.458s] DEBUG:colcon.colcon_core.event_reactor:joining thread
[9.485s] INFO:colcon.colcon_core.plugin_system:Skipping extension 'colcon_notification.desktop_notification.terminal_notifier': Not used on non-Darwin systems
[9.486s] INFO:colcon.colcon_core.plugin_system:Skipping extension 'colcon_notification.desktop_notification.win32': Not used on non-Windows systems
[9.486s] INFO:colcon.colcon_notification.desktop_notification:Sending desktop notification using 'notify2'
[9.497s] DEBUG:colcon.colcon_notification.desktop_notification.notify2:Failed to initialize notify2: org.freedesktop.DBus.Error.Spawn.ExecFailed: /usr/bin/dbus-launch terminated abnormally without any error message
[9.498s] DEBUG:colcon.colcon_core.event_reactor:joined thread
[9.500s] INFO:colcon.colcon_core.shell:Creating prefix script '/home/ubuntu/person_follower/ros2_ws/install/local_setup.ps1'
[9.507s] INFO:colcon.colcon_core.shell:Creating prefix util module '/home/ubuntu/person_follower/ros2_ws/install/_local_setup_util_ps1.py'
[9.518s] INFO:colcon.colcon_core.shell:Creating prefix chain script '/home/ubuntu/person_follower/ros2_ws/install/setup.ps1'
[9.524s] INFO:colcon.colcon_core.shell:Creating prefix script '/home/ubuntu/person_follower/ros2_ws/install/local_setup.sh'
[9.529s] INFO:colcon.colcon_core.shell:Creating prefix util module '/home/ubuntu/person_follower/ros2_ws/install/_local_setup_util_sh.py'
[9.533s] INFO:colcon.colcon_core.shell:Creating prefix chain script '/home/ubuntu/person_follower/ros2_ws/install/setup.sh'
[9.542s] INFO:colcon.colcon_core.shell:Creating prefix script '/home/ubuntu/person_follower/ros2_ws/install/local_setup.bash'
[9.545s] INFO:colcon.colcon_core.shell:Creating prefix chain script '/home/ubuntu/person_follower/ros2_ws/install/setup.bash'
[9.552s] INFO:colcon.colcon_core.shell:Creating prefix script '/home/ubuntu/person_follower/ros2_ws/install/local_setup.zsh'
[9.555s] INFO:colcon.colcon_core.shell:Creating prefix chain script '/home/ubuntu/person_follower/ros2_ws/install/setup.zsh'
