[4.964s] Invoking command in '/home/ubuntu/person_follower/ros2_ws/src/robot_controller': PS1=(pynq-venv) \[\e]0;\u@\h: \w\a\]${debian_chroot:+($debian_chroot)}\u@\h:\w\$ PYTHONPATH=/home/ubuntu/person_follower/ros2_ws/build/robot_controller/prefix_override:/usr/lib/python3/dist-packages/colcon_core/task/python/colcon_distutils_commands:/home/ubuntu/person_follower/ros2_ws/install/robot_controller/lib/python3.10/site-packages:${PYTHONPATH} VIRTUAL_ENV_PROMPT=(pynq-venv) /usr/bin/python3 -W ignore:setup.py install is deprecated setup.py egg_info --egg-base ../../build/robot_controller build --build-base /home/ubuntu/person_follower/ros2_ws/build/robot_controller/build install --record /home/ubuntu/person_follower/ros2_ws/build/robot_controller/install.log --single-version-externally-managed install_data
[6.684s] running egg_info
[6.688s] writing ../../build/robot_controller/robot_controller.egg-info/PKG-INFO
[6.690s] writing dependency_links to ../../build/robot_controller/robot_controller.egg-info/dependency_links.txt
[6.691s] writing entry points to ../../build/robot_controller/robot_controller.egg-info/entry_points.txt
[6.693s] writing requirements to ../../build/robot_controller/robot_controller.egg-info/requires.txt
[6.693s] writing top-level names to ../../build/robot_controller/robot_controller.egg-info/top_level.txt
[6.705s] reading manifest file '../../build/robot_controller/robot_controller.egg-info/SOURCES.txt'
[6.712s] writing manifest file '../../build/robot_controller/robot_controller.egg-info/SOURCES.txt'
[6.712s] running build
[6.713s] running build_py
[6.714s] copying robot_controller/usbcam_publisher.py -> /home/ubuntu/person_follower/ros2_ws/build/robot_controller/build/lib/robot_controller
[6.716s] running install
[6.718s] running install_lib
[6.723s] copying /home/ubuntu/person_follower/ros2_ws/build/robot_controller/build/lib/robot_controller/usbcam_publisher.py -> /home/ubuntu/person_follower/ros2_ws/install/robot_controller/lib/python3.10/site-packages/robot_controller
[6.728s] byte-compiling /home/ubuntu/person_follower/ros2_ws/install/robot_controller/lib/python3.10/site-packages/robot_controller/usbcam_publisher.py to usbcam_publisher.cpython-310.pyc
[6.732s] running install_data
[6.733s] running install_egg_info
[6.743s] removing '/home/ubuntu/person_follower/ros2_ws/install/robot_controller/lib/python3.10/site-packages/robot_controller-0.0.0-py3.10.egg-info' (and everything under it)
[6.744s] Copying ../../build/robot_controller/robot_controller.egg-info to /home/ubuntu/person_follower/ros2_ws/install/robot_controller/lib/python3.10/site-packages/robot_controller-0.0.0-py3.10.egg-info
[6.749s] running install_scripts
[6.884s] Installing rosai_camera_demo script to /home/ubuntu/person_follower/ros2_ws/install/robot_controller/lib/robot_controller
[6.884s] Installing test_node script to /home/ubuntu/person_follower/ros2_ws/install/robot_controller/lib/robot_controller
[6.885s] Installing usbcam_publisher script to /home/ubuntu/person_follower/ros2_ws/install/robot_controller/lib/robot_controller
[6.888s] writing list of installed files to '/home/ubuntu/person_follower/ros2_ws/build/robot_controller/install.log'
[7.100s] Invoked command in '/home/ubuntu/person_follower/ros2_ws/src/robot_controller' returned '0': PS1=(pynq-venv) \[\e]0;\u@\h: \w\a\]${debian_chroot:+($debian_chroot)}\u@\h:\w\$ PYTHONPATH=/home/ubuntu/person_follower/ros2_ws/build/robot_controller/prefix_override:/usr/lib/python3/dist-packages/colcon_core/task/python/colcon_distutils_commands:/home/ubuntu/person_follower/ros2_ws/install/robot_controller/lib/python3.10/site-packages:${PYTHONPATH} VIRTUAL_ENV_PROMPT=(pynq-venv) /usr/bin/python3 -W ignore:setup.py install is deprecated setup.py egg_info --egg-base ../../build/robot_controller build --build-base /home/ubuntu/person_follower/ros2_ws/build/robot_controller/build install --record /home/ubuntu/person_follower/ros2_ws/build/robot_controller/install.log --single-version-externally-managed install_data
